1
      * TrimSPNL v1.1.0 *

  Start: 07.Feb. 2025 14:15:17

  End:   07.Feb. 2025 14:17:09

  Simulation needed for ******* muons     112 seconds


                              * INPUT DATA *     D_on_B_E42_S


       Z1        M1          E0      Esig       ALPHA       ALPHASIG       EF       ESB      SHEATH     ERC
      1.00      2.01        42.00      0.00      0.00      0.00      0.95      1.00    120.00      5.73

       NH        RI     RI2     RI3           X0        RD        CW        CA       KK0   KK0R   KDEE1  KDEE2  IPOT   IPOTR   IRL
  10000000   7874.00   7874.00   7874.00         0.00    500.00      5.00      1.00       2      2      3      3      1      1      1


             DX      RHO    CK  Z(,1) Z(,2) Z(,3) Z(,4) Z(,5)  M(,1)  M(,2)  M(,3)  M(,4)  M(,5) C(,1) C(,2) C(,3) C(,4) C(,5)

   1.LAYER ********   2.34   1.00    5.    0.    0.    0.    0.  10.81   0.00   0.00   0.00   0.00 1.000 0.000 0.000 0.000 0.000


                           ***  SBE(LAYER,ELEMENT)  ***     ***     ED(LAYER,ELEMENT)     ***     ***   BE(LAYER,ELEMENT)  ***

   1.LAYER                   5.73  0.00  0.00  0.00  0.00     30.00   0.00   0.00   0.00   0.00     0.00  0.00  0.00  0.00  0.00


       INTERACTION POTENTIAL : PROJECTILE-TARGET : KR-C POTENTIAL     TARGET-TARGET : KR-C POTENTIAL    


       INELASTIC LOSS MODEL  : PROJECTILE-TARGET : 50% LS 50% OR      TARGET-TARGET : 50% LS 50% OR     


      fixed PROJECTILE ENERGY



      fixed PROJECTILE ANGLE

1

                              * OUTPUT DATA *     D_on_B_E42_S


                 HLM       HLMT        SU       SUT        XC        RT       SFE      INEL         L        LJ
               0.0000**********    3.3382**********   -3.3382999500.000      5.73         0         1         1


                NPROJ       KIB       KIT      MAXA      NALL       NPA       NSA       KIS      KIST
              2281842     75298         0        94  19196417  11687691   5323280    173233         0


            EPS0(I)       Z2(I)       M2(I)     ARHO(I)       LM(I)     PDMAX(I)     ASIG(I)       SB(I)       XX(I)        NJ(I)

   1.LAYER   0.1347E+00  0.5000E+01  0.1081E+02  0.1303E+00  0.1972E+01  0.1113E+01  0.2571E+00  0.5730E+01  0.1000E+07         1


             A1(1)   A1(2)   A1(3)   A1(4)   A1(5)   A1(6)   A1(7)   A1(8)   A1(9)  A1(10)  A1(11)  A1(12)  A1(13)  A1(14)  A1(15)  A1(16)  A1(17)  A1(18)  A1(19)  A1(20)  A1(21)  A1(22)  A1(23)  A1(24)  A1(25)  A1(26)  A1(27)  A1(28)  A1(29)  A1(30)  A1(31)  A1(32)  A1(33)  A1(34)  A1(35)

           0.27398


           KOR1(1) KOR1(2) KOR1(3) KOR1(4) KOR1(5) KOR1(6) KOR1(7) KOR1(8) KOR1(9) KOR1(A) KOR1(B) KOR1(C) KOR1(D) KOR1(E) KOR1(F) KOR1(G) KOR1(H) KOR1(I) KOR1(J) KOR1(K) KOR1(L) KOR1(M) KOR1(N) KOR1(O) KOR1(P) KOR1(Q) KOR1(R) KOR1(S) KOR1(T) KOR1(U) KOR1(V) KOR1(W) KOR1(X) KOR1(Y) KOR1(Z)

           0.09066


            A(I,1)  A(I,2)  A(I,3)  A(I,4)  A(I,5)  A(I,6)  A(I,7)  A(I,8)  A(I,9) A(I,10) A(I,11) A(I,12) A(I,13) A(I,14) A(I,15) A(I,16) A(I,17) A(I,18) A(I,19) A(I,20) A(I,21) A(I,22) A(I,23) A(I,24) A(I,25) A(I,26) A(I,27) A(I,28) A(I,29) A(I,30) A(I,31) A(I,32) A(I,33) A(I,34) A(I,35)

           0.17260


           KOR(,1) KOR(,2) KOR(,3) KOR(,4) KOR(,5) KOR(,6) KOR(,7) KOR(,8) KOR(,9) KOR(,A) KOR(,B) KOR(,C) KOR(,D) KOR(,E) KOR(,F) KOR(,G) KOR(,H) KOR(,I) KOR(,J) KOR(,K) KOR(,L) KOR(,M) KOR(,N) KOR(,O) KOR(,P) KOR(,Q) KOR(,R) KOR(,S) KOR(,T) KOR(,U) KOR(,V) KOR(,W) KOR(,X) KOR(,Y) KOR(,Z)

           0.35436
1

           IMPLANTED PARTICLES=7397442     ENERGY=0.3107E+09 EV
       BACKSCATTERED PARTICLES=2602558     ENERGY=0.4061E+08 EV
         TRANSMITTED PARTICLES=      0     ENERGY=0.0000E+00 EV
       BACKSPUTTERED PARTICLES=  67032     ENERGY=0.1940E+06 EV
      TRANSM. SPUTT. PARTICLES=      0     ENERGY=0.0000E+00 EV
               TRIED PARTICLES=      0
         PARTICLES with neg. E=      0
      THOMAS FERMI RED. ENERGY=  0.1164E+00
      SCALED PART. REFL. COEFF=  0.4267E+00


  PROJECTILES :   MEAN NUMBER OF ELASTIC COLLISIONS =     12.1   MEAN NUMBER OF EL.COLL.(E > EDISPL.) =    0.000
                                                                 MEAN NUMBER OF EL.COLL.(E > SB(1))   =    1.169

                       MEAN        VARIANCE      SKEWNESS      KURTOSIS        SIGMA       ERROR 1.M     ERROR 2.M     ERROR 3.M 
  PENETRATION       8.4730E+00    2.1289E+01    6.2951E-01    3.0956E+00    4.6140E+00    1.6964E-03    1.1331E-02    8.3006E-04
       SPREAD       7.6554E+00    1.7172E+01    9.4434E-01    1.7449E+01    4.1439E+00    1.5236E-03    2.5607E-02    9.1145E-02
   PATHLENGTH       2.4436E+01    2.5019E+01    1.2671E-01    2.7545E+00    5.0019E+00    1.8390E-03    1.2184E-02    7.5137E-04
 ELASTIC LOSS       3.6560E+01    1.7539E+00                                1.3243E+00    1.7903E-07
   INEL. LOSS       5.9399E+00    1.7077E+00                                1.3068E+00    1.7665E-07

                       MEAN        VARIANCE      SKEWNESS      KURTOSIS        SIGMA       ERROR 1.M     ERROR 2.M     ERROR 3.M 
   ELAST.LOSS       2.3804E+00    8.1696E+00    2.8868E+00    1.3137E+01    2.8582E+00    2.5981E-04    2.5872E-03    5.2130E-04
 WEAK EL.LOSS       3.5404E-01    2.6153E-02    4.8644E-01    2.6178E+00    1.6172E-01    1.4700E-05    3.0237E-06    1.5610E-04
 INELAST.LOSS       4.3080E-01    3.8269E-02   -4.1391E-01    1.8877E+00    1.9563E-01    1.7782E-05    3.2775E-06    1.4019E-04
  SUBTHR.LOSS       2.3804E+00    8.1696E+00    2.8868E+00    1.3137E+01    2.8582E+00    2.5981E-04    2.5872E-03    5.2130E-04

                     1.MOMENT      2.MOMENT      3.MOMENT      4.MOMENT      5.MOMENT      6.MOMENT 
  PENETRATION       8.4730E+00    9.3081E+01    1.2113E+03    1.7823E+04    2.8834E+05    5.0360E+06



  RECOILES (PER PROJ.)   :   MEAN NUMBER OF ELASTIC COLLISIONS =      1.8   MEAN NUMBER OF EL.COLL.(E > EDISPL.) =      0.000
                                                                            MEAN NUMBER OF EL.COLL.(E > SB(1))   =      0.532

  RECOILES (PER KNOCKON) :   MEAN NUMBER OF ELASTIC COLLISIONS =    1.068   MEAN NUMBER OF EL.COLL.(E > EDISPL.) =      0.000
                                                                            MEAN NUMBER OF EL.COLL.(E > SB(1))   =      0.313

1


     DEPTH(A)  PARTICLES  NORM.DEPTH PATHLENGTH   INLOSS(EV)  TELOSS(EV)  ELLOSS(EV)  DAMAGE(EV)  PHONON(EV)  CASCAD(EV)     DPA

    -SU-    0.     38016  0.5139E-02
     0.-    5.   1864667  0.2521E+00         5    2.7249E+07  1.5941E+08  1.4276E+08  0.0000E+00  1.4276E+08  0.0000E+00       0
     5.-   10.   2982046  0.4031E+00      1709    1.7688E+07  1.1669E+08  1.0048E+08  0.0000E+00  1.0048E+08  0.0000E+00       0
    10.-   15.   1803826  0.2438E+00    183671    5.8621E+06  4.3660E+07  3.6049E+07  0.0000E+00  3.6049E+07  0.0000E+00       0
    15.-   20.    598900  0.8096E-01   1228665    1.1962E+06  9.8822E+06  7.8169E+06  0.0000E+00  7.8169E+06  0.0000E+00       0
    20.-   25.    102135  0.1381E-01   2689865    1.3591E+05  1.2300E+06  9.3082E+05  0.0000E+00  9.3082E+05  0.0000E+00       0
    25.-   30.      7649  0.1034E-02   2257156    7.2717E+03  7.1483E+04  5.1554E+04  0.0000E+00  5.1554E+04  0.0000E+00       0
    30.-   35.       202  0.2731E-04    895186    1.4439E+02  1.5347E+03  1.0586E+03  0.0000E+00  1.0586E+03  0.0000E+00       0
    35.-   40.         1  0.1352E-06    135525    7.2986E-01  6.9995E+00  4.0880E+00  0.0000E+00  4.0880E+00  0.0000E+00       0
    40.-   45.         0  0.0000E+00      5623    0.0000E+00  0.0000E+00  0.0000E+00  0.0000E+00  0.0000E+00  0.0000E+00       0
    45.-   50.         0  0.0000E+00        37    0.0000E+00  0.0000E+00  0.0000E+00  0.0000E+00  0.0000E+00  0.0000E+00       0
    50.-   55.         0  0.0000E+00         0    0.0000E+00  0.0000E+00  0.0000E+00  0.0000E+00  0.0000E+00  0.0000E+00       0
    55.-   60.         0  0.0000E+00         0    0.0000E+00  0.0000E+00  0.0000E+00  0.0000E+00  0.0000E+00  0.0000E+00       0
    60.-   SUT         0  0.0000E+00

                 7397442  1.0000E+00   7397442    5.2139E+07  3.3094E+08  2.8810E+08  0.0000E+00  2.8810E+08  0.0000E+00       0
1    DEPTH(A)    INLOSS(1)   ELLOSS(1)   DAMAGE(1)   PHONON(1)   INLOSS(2)   ELLOSS(2)   DAMAGE(2)   PHONON(2)  DPA(1)  DPA(2)

     0.-    5.  2.7249E+07  1.4276E+08  0.0000E+00  1.4276E+08  0.0000E+00  0.0000E+00  0.0000E+00  0.0000E+00       0       0
     5.-   10.  1.7688E+07  1.0048E+08  0.0000E+00  1.0048E+08  0.0000E+00  0.0000E+00  0.0000E+00  0.0000E+00       0       0
    10.-   15.  5.8621E+06  3.6049E+07  0.0000E+00  3.6049E+07  0.0000E+00  0.0000E+00  0.0000E+00  0.0000E+00       0       0
    15.-   20.  1.1962E+06  7.8169E+06  0.0000E+00  7.8169E+06  0.0000E+00  0.0000E+00  0.0000E+00  0.0000E+00       0       0
    20.-   25.  1.3591E+05  9.3082E+05  0.0000E+00  9.3082E+05  0.0000E+00  0.0000E+00  0.0000E+00  0.0000E+00       0       0
    25.-   30.  7.2717E+03  5.1554E+04  0.0000E+00  5.1554E+04  0.0000E+00  0.0000E+00  0.0000E+00  0.0000E+00       0       0
    30.-   35.  1.4439E+02  1.0586E+03  0.0000E+00  1.0586E+03  0.0000E+00  0.0000E+00  0.0000E+00  0.0000E+00       0       0
    35.-   40.  7.2986E-01  4.0880E+00  0.0000E+00  4.0880E+00  0.0000E+00  0.0000E+00  0.0000E+00  0.0000E+00       0       0
    40.-   45.  0.0000E+00  0.0000E+00  0.0000E+00  0.0000E+00  0.0000E+00  0.0000E+00  0.0000E+00  0.0000E+00       0       0
    45.-   50.  0.0000E+00  0.0000E+00  0.0000E+00  0.0000E+00  0.0000E+00  0.0000E+00  0.0000E+00  0.0000E+00       0       0

                5.2139E+07  2.8810E+08  0.0000E+00  2.8810E+08  0.0000E+00  0.0000E+00  0.0000E+00  0.0000E+00       0       0




     DAMAGE IN LAYER   1 :    2.8810E+08
1
     RECOILS



     DEPTH(A)     INLOSS(EV)   TELOSS(EV)   ELLOSS(EV)   DAMAGE(EV)   PHONON(EV)     DPA  DPA(1)  DPA(2) (1-1) (1-2) (2-1) (2-2)

     0.-    5.    2.0872E+06   5.6709E+07   4.0370E+07   0.0000E+00   4.0370E+07       0       0       0     0     0     0     0
     5.-   10.    1.9455E+06   5.3758E+07   3.8066E+07   0.0000E+00   3.8066E+07       0       0       0     0     0     0     0
    10.-   15.    5.7101E+05   1.6281E+07   1.1420E+07   0.0000E+00   1.1420E+07       0       0       0     0     0     0     0
    15.-   20.    9.5484E+04   2.7924E+06   1.9438E+06   0.0000E+00   1.9438E+06       0       0       0     0     0     0     0
    20.-   25.    8.4235E+03   2.5149E+05   1.7410E+05   0.0000E+00   1.7410E+05       0       0       0     0     0     0     0
    25.-   30.    2.9517E+02   8.9213E+03   6.1249E+03   0.0000E+00   6.1249E+03       0       0       0     0     0     0     0
    30.-   35.    2.5547E+00   7.6900E+01   5.0865E+01   0.0000E+00   5.0865E+01       0       0       0     0     0     0     0
    35.-   40.    0.0000E+00   0.0000E+00   0.0000E+00   0.0000E+00   0.0000E+00       0       0       0     0     0     0     0
    40.-   45.    0.0000E+00   0.0000E+00   0.0000E+00   0.0000E+00   0.0000E+00       0       0       0     0     0     0     0

                  4.7079E+06   1.2980E+08   9.1981E+07   0.0000E+00   9.1981E+07       0       0       0
1

     BACKSCATTERING OF PROJECTILES


     PART.REFL.COEF.= 2.6026E-01  ENERGY REFL.COEF.= 9.6696E-02  REL.MEAN ENERGY = 3.7154E-01  MEAN ENERGY = 1.5605E+01

                       MEAN        VARIANCE      SKEWNESS      KURTOSIS        SIGMA       ERROR 1.M     ERROR 2.M     ERROR 3.M 
       ENERGY       1.5605E+01    5.4684E+01   -2.7740E-01    2.0557E+00    7.3949E+00    4.5838E-03    3.4827E-02    9.1128E-04
   PATHLENGTH       1.0706E+01    4.2941E+01    5.3793E-01    2.6976E+00    6.5530E+00    4.0620E-03    3.4681E-02    1.1836E-03
 ELASTIC LOSS       2.3245E+01    4.1908E+01                                6.4736E+00    2.4874E-06
   INEL. LOSS       3.1500E+00    2.7650E+00                                1.6628E+00    6.3892E-07

                     1.MOMENT      2.MOMENT      3.MOMENT      4.MOMENT      5.MOMENT      6.MOMENT 
       ENERGY       1.5605E+01    2.9819E+02    6.2477E+03    1.3834E+05    3.1832E+06    7.5412E+07
    LOGENERGY       1.1088E+00    1.3380E+00    1.6576E+00    2.1014E+00    2.7006E+00    3.5126E+00
   PATHLENGTH       1.0706E+01    1.5755E+02    2.7575E+03    5.4121E+04    1.1568E+06    2.6456E+07


     POLAR ANGULAR DISTRIBUTION OF BACKSCATTERED PROJECTILES


       0.05  0.10  0.15  0.20  0.25  0.30  0.35  0.40  0.45  0.50  0.55  0.60  0.65  0.70  0.75  0.80  0.85  0.90  0.95  1.00

        841  2669  5584  9925 16829 26046 38512 52770 70541 90210111962135636161190186867213641239837266152292259322485358602
      0.006 0.021 0.043 0.076 0.129 0.200 0.296 0.406 0.542 0.693 0.860 1.042 1.239 1.436 1.642 1.843 2.045 2.246 2.478 2.756
1     BACKWARD SPUTTERING



        ALL SPUTTERED PARTICLES =   67032   TOTAL SPUTTERED ENERGY = 0.1940E+06 EV


        SPUTTERED PARTICLES (  1.LAYER) =   67032   SPUTTERED ENERGY = 0.1940E+06 EV


 1.LAYER
         SPUTTERED PARTICLES(1) =   67032     SPUTTERED ENERGY(1) = 0.1940E+06 EV

         ION IN , PRIMARY KO(1) =     546   0.0081   0.0081    ENERGY = 0.1438E+04 EV   0.0074   0.0074    MEAN ENERGY = 0.2634E+01
         ION IN , SECOND. KO(1) =     724   0.0108   0.0108    ENERGY = 0.1546E+04 EV   0.0080   0.0080    MEAN ENERGY = 0.2136E+01
        ION OUT , PRIMARY KO(1) =   56161   0.8378   0.8378    ENERGY = 0.1687E+06 EV   0.8696   0.8696    MEAN ENERGY = 0.3004E+01
        ION OUT , SECOND. KO(1) =    9601   0.1432   0.1432    ENERGY = 0.2232E+05 EV   0.1150   0.1150    MEAN ENERGY = 0.2324E+01


     SPUTTERING YIELD(1) =  6.703E-03  SPUTTERED ENERGY(1) =  4.619E-04  REL.MEAN ENERGY(1) =  6.890E-02  MEAN ENERGY(1) =  2.894E+00

                       MEAN        VARIANCE      SKEWNESS      KURTOSIS        SIGMA       ERROR 1.M     ERROR 2.M     ERROR 3.M 
    ENERGY(1)       2.8939E+00    3.2542E+00    8.2647E-01    3.3893E+00    1.8039E+00    6.9676E-03    1.9428E-02    8.6802E-03
 LOGENERGY(1)       3.6143E-01    1.0634E-01   -8.3195E-01    3.7073E+00    3.2609E-01    1.2608E-03    6.7649E-04    9.5956E-03

                     1.MOMENT      2.MOMENT      3.MOMENT      4.MOMENT      5.MOMENT      6.MOMENT 
    ENERGY(1)       2.8939E+00    1.1629E+01    5.7339E+01    3.2570E+02    2.0532E+03    1.4018E+04
 LOGENERGY(1)       3.6143E-01    2.3697E-01    1.3366E-01    1.0062E-01    6.4972E-02    5.3530E-02


 3.LAYER
          SPUTTERED PARTICLES(1) =   67032      SPUTTERED ENERGY(1) = 0.1940E+06 EV

         ION IN , PRIMARY KO(1) =     546   0.0081   0.0081    ENERGY = 0.1438E+04 EV   0.0074   0.0074    MEAN ENERGY = 0.2634E+01
         ION IN , SECOND. KO(1) =     724   0.0108   0.0108    ENERGY = 0.1546E+04 EV   0.0080   0.0080    MEAN ENERGY = 0.2136E+01
        ION OUT , PRIMARY KO(1) =   56161   0.8378   0.8378    ENERGY = 0.1687E+06 EV   0.8696   0.8696    MEAN ENERGY = 0.3004E+01
        ION OUT , SECOND. KO(1) =    9601   0.1432   0.1432    ENERGY = 0.2232E+05 EV   0.1150   0.1150    MEAN ENERGY = 0.2324E+01


     SPUTTERING YIELD(1) =  6.703E-03  SPUTTERED ENERGY(1) =  4.619E-04  REL.MEAN ENERGY(1) =  6.890E-02  MEAN ENERGY(1) =  2.894E+00



     POLAR ANGULAR DISTRIBUTION OF ALL BACKWARD SPUTTERED PARTICLES


       0.05  0.10  0.15  0.20  0.25  0.30  0.35  0.40  0.45  0.50  0.55  0.60  0.65  0.70  0.75  0.80  0.85  0.90  0.95  1.00

        157   544   933  1288  1582  2014  2313  2699  3027  3338  3721  3935  4345  4510  4844  5082  5361  5616  5712  6011
      0.047 0.162 0.278 0.384 0.472 0.601 0.690 0.805 0.903 0.996 1.110 1.174 1.296 1.346 1.445 1.516 1.600 1.676 1.704 1.793


 LOG ENERGY - COS OF EMISSION ANGLE (0.05 STEPS)   (BACKWARD SPUTTERED PARTICLES) ; 1. LAYER ; SPECIES 1



 ENERGY(E/E0 IN %) - POLAR ANGLE IN COS-INTERVALS (0.05)  (BACKWARD SPUTTERED PARTICLES) , 1.LAYER , SPECIES 1



 AZIMUTHAL ANGLE - POLAR ANGLE IN COS-INTERVALS (0.05)  (BACKWARD SPUTTERED PARTICLES) , 1.LAYER , SPECIES 1

   0     0     0     0     0     0     0     0     0     0     0     0     0     0     0     0     0     0     0     0     0       0
   0     0     0     0     0     0     0     0     0     0     0     0     0     0     0     0     0     0     0     0     0       0
   0     0     0     0     0     0     0     0     0     0     0     0     0     0     0     0     0     0     0     0     0       0
   0     0     0     0     0     0     0     0     0     0     0     0     0     0     0     0     0     0     0     0     0       0
   0     0     0     0     0     0     0     0     0     0     0     0     0     0     0     0     0     0     0     0     0       0
   0     0     0     0     0     0     0     0     0     0     0     0     0     0     0     0     0     0     0     0     0       0
   0     0     0     0     0     0     0     0     0     0     0     0     0     0     0     0     0     0     0     0     0       0
   0     0     0     0     0     0     0     0     0     0     0     0     0     0     0     0     0     0     0     0     0       0
   0     0     0     0     0     0     0     0     0     0     0     0     0     0     0     0     0     0     0     0     0       0
   0     0     0     0     0     0     0     0     0     0     0     0     0     0     0     0     0     0     0     0     0       0
   0     0     0     0     0     0     0     0     0     0     0     0     0     0     0     0     0     0     0     0     0       0
   0     0     0     0     0     0     0     0     0     0     0     0     0     0     0     0     0     0     0     0     0       0
   0     0     0     0     0     0     0     0     0     0     0     0     0     0     0     0     0     0     0     0     0       0
   0     0     0     0     0     0     0     0     0     0     0     0     0     0     0     0     0     0     0     0     0       0
   0     0     0     0     0     0     0     0     0     0     0     0     0     0     0     0     0     0     0     0     0       0
   0     0     0     0     0     0     0     0     0     0     0     0     0     0     0     0     0     0     0     0     0       0
   0     0     0     0     0     0     0     0     0     0     0     0     0     0     0     0     0     0     0     0     0       0
   0     0     0     0     0     0     0     0     0     0     0     0     0     0     0     0     0     0     0     0     0       0
   0     0     0     0     0     0     0     0     0     0     0     0     0     0     0     0     0     0     0     0     0       0
   0     0     0     0     0     0     0     0     0     0     0     0     0     0     0     0     0     0     0     0     0       0
   0     0     0     0     0     0     0     0     0     0     0     0     0     0     0     0     0     0     0     0     0       0
   0     0     0     0     0     0     0     0     0     0     0     0     0     0     0     0     0     0     0     0     0       0
   0     0     0     0     0     0     0     0     0     0     0     0     0     0     0     0     0     0     0     0     0       0
   0     0     0     0     0     0     0     0     0     0     0     0     0     0     0     0     0     0     0     0     0       0
   0     0     0     0     0     0     0     0     0     0     0     0     0     0     0     0     0     0     0     0     0       0
   0     0     0     0     0     0     0     0     0     0     0     0     0     0     0     0     0     0     0     0     0       0
   0     0     0     0     0     0     0     0     0     0     0     0     0     0     0     0     0     0     0     0     0       0
   0     0     0     0     0     0     0     0     0     0     0     0     0     0     0     0     0     0     0     0     0       0
   0     0     0     0     0     0     0     0     0     0     0     0     0     0     0     0     0     0     0     0     0       0
   0     0     0     0     0     0     0     0     0     0     0     0     0     0     0     0     0     0     0     0     0       0
   0     0     0     0     0     0     0     0     0     0     0     0     0     0     0     0     0     0     0     0     0       0
   0     0     0     0     0     0     0     0     0     0     0     0     0     0     0     0     0     0     0     0     0       0
   0     0     0     0     0     0     0     0     0     0     0     0     0     0     0     0     0     0     0     0     0       0
   0     0     0     0     0     0     0     0     0     0     0     0     0     0     0     0     0     0     0     0     0       0
   0     0     0     0     0     0     0     0     0     0     0     0     0     0     0     0     0     0     0     0     0       0
   0     0     0     0     0     0     0     0     0     0     0     0     0     0     0     0     0     0     0     0     0       0
   0     0     0     0     0     0     0     0     0     0     0     0     0     0     0     0     0     0     0     0     0       0
   0     0     0     0     0     0     0     0     0     0     0     0     0     0     0     0     0     0     0     0     0       0
   0     0     0     0     0     0     0     0     0     0     0     0     0     0     0     0     0     0     0     0     0       0
   0     0     0     0     0     0     0     0     0     0     0     0     0     0     0     0     0     0     0     0     0       0
   0     0     0     0     0     0     0     0     0     0     0     0     0     0     0     0     0     0     0     0     0       0
   0     0     0     0     0     0     0     0     0     0     0     0     0     0     0     0     0     0     0     0     0       0
   0     0     0     0     0     0     0     0     0     0     0     0     0     0     0     0     0     0     0     0     0       0
   0     0     0     0     0     0     0     0     0     0     0     0     0     0     0     0     0     0     0     0     0       0
   0     0     0     0     0     0     0     0     0     0     0     0     0     0     0     0     0     0     0     0     0       0
   0     0     0     0     0     0     0     0     0     0     0     0     0     0     0     0     0     0     0     0     0       0
   0     0     0     0     0     0     0     0     0     0     0     0     0     0     0     0     0     0     0     0     0       0
   0     0     0     0     0     0     0     0     0     0     0     0     0     0     0     0     0     0     0     0     0       0
   0     0     0     0     0     0     0     0     0     0     0     0     0     0     0     0     0     0     0     0     0       0
   0     0     0     0     0     0     0     0     0     0     0     0     0     0     0     0     0     0     0     0     0       0
   0     0     0     0     0     0     0     0     0     0     0     0     0     0     0     0     0     0     0     0     0       0
   0     0     0     0     0     0     0     0     0     0     0     0     0     0     0     0     0     0     0     0     0       0
   0     0     0     0     0     0     0     0     0     0     0     0     0     0     0     0     0     0     0     0     0       0
   0     0     0     0     0     0     0     0     0     0     0     0     0     0     0     0     0     0     0     0     0       0
   0     0     0     0     0     0     0     0     0     0     0     0     0     0     0     0     0     0     0     0     0       0
   0     0     0     0     0     0     0     0     0     0     0     0     0     0     0     0     0     0     0     0     0       0
   0     0     0     0     0     0     0     0     0     0     0     0     0     0     0     0     0     0     0     0     0       0
   0     0     0     0     0     0     0     0     0     0     0     0     0     0     0     0     0     0     0     0     0       0
   0     0     0     0     0     0     0     0     0     0     0     0     0     0     0     0     0     0     0     0     0       0
   0     0     0     0     0     0     0     0     0     0     0     0     0     0     0     0     0     0     0     0     0       0
   0     0     0     0     0     0     0     0     0     0     0     0     0     0     0     0     0     0     0     0     0       0
   0     0     0     0     0     0     0     0     0     0     0     0     0     0     0     0     0     0     0     0     0       0


 LOG ENERGY - COS OF EMISSION ANGLE (0.05 STEPS)   (BACKSCATTERED PROJECTILES)

   0.7003-312    1    2    3    4    5    6    7    8    9   10   11   12   13   14   15   16   17   18   19   20     0  0.2371-313
   0.1000E+00    0    7    3   11   21   28   22   31   32   41   42   31   48   39   44   51   47   62   54   71   685  0.6850E-03
   0.1212E+00    1    6    1    6   10    9    6    7   15   11   14   21   13   15   39   35   20   25   30   34   318  0.1503E-02
   0.1468E+00    1    3    8    6    6    8   20   16   27   21   19   29   26   23   26   38   30   32   42   41   422  0.1647E-02
   0.1778E+00    0    2    9   12   13   15   23   22   34   24   29   36   41   38   43   49   64   46   54   69   623  0.2007E-02
   0.2154E+00    2    9    6   13   18   28   31   32   39   28   38   48   47   61   50   71   76   71   90   98   856  0.2276E-02
   0.2610E+00    2    5   14   15   26   29   38   44   51   65   63   62   59   62   83   81   98  102  115  121  1135  0.2491E-02
   0.3162E+00    2    5   22   28   26   39   48   52   64   76   82   90   95  113  105  114  129  161  169  159  1579  0.2860E-02
   0.3831E+00    6   15   32   24   35   58   65   82   84   82  117  133  134  127  157  176  174  195  206  250  2152  0.3217E-02
   0.4642E+00    3   13   28   41   58   77   90  113  129  132  143  141  173  188  222  247  270  262  290  325  2945  0.3634E-02
   0.5623E+00   11   38   33   54   67   70  103  141  149  169  219  213  259  224  300  325  359  385  429  447  3995  0.4069E-02
   0.6813E+00   13   25   46   78   91  119  166  169  177  221  267  292  311  333  381  413  451  536  495  596  5180  0.4355E-02
   0.8254E+00    9   30   63  101  130  148  182  215  257  317  304  372  411  421  455  591  612  694  705  868  6885  0.4778E-02
   0.1000E+01   21   41   84  129  154  180  227  274  299  358  382  431  525  566  656  724  787  897 1024 1128  8887  0.5090E-02
   0.1212E+01   19   59   79  152  211  228  272  309  376  443  481  603  670  712  847  922 1043 1213 1271 1442 11352  0.5367E-02
   0.1468E+01   19   66  113  160  172  284  317  349  450  495  655  667  795  964 1072 1191 1303 1502 1660 1912 14146  0.5520E-02
   0.1778E+01   24   85  125  179  265  287  351  456  574  671  737  883 1037 1186 1299 1508 1697 1948 2195 2621 18128  0.5839E-02
   0.2154E+01   29   90  125  181  246  326  415  532  645  787  902 1039 1228 1424 1682 1938 2204 2579 2875 3358 22605  0.6009E-02
   0.2610E+01   31   66  152  202  296  341  469  559  761  899 1101 1255 1466 1791 2107 2519 2796 3235 3715 4411 28172  0.6182E-02
   0.3162E+01   21   96  143  223  311  408  513  653  777 1002 1287 1565 1804 2189 2710 3071 3585 4205 4815 5625 35003  0.6340E-02
   0.3831E+01   30   72  165  225  305  416  615  704  940 1233 1565 1866 2347 2698 3378 4056 4511 5173 6007 7261 43567  0.6513E-02
   0.4642E+01   28   87  161  222  329  446  595  805 1118 1452 1797 2239 3002 3443 4156 5147 5809 6739 7978 9013 54566  0.6733E-02
   0.5623E+01   26   64  164  228  335  452  651  939 1241 1717 2207 2787 3570 4572 5295 6311 7493 86531011611692 68513  0.6978E-02
   0.6813E+01   22   81  155  253  346  509  746 1048 1398 2013 2674 3441 4503 5645 6732 7981 9650110401288415199 86320  0.7257E-02
   0.8254E+01   20   73  126  223  381  587  886 1286 1837 2469 3246 4372 5498 7161 87041062212389141991651219083109674  0.7610E-02
   0.1000E+02   20   71  128  240  374  663 1056 1541 2285 3206 4348 5834 7380 9359114291386115906183332124824885142167  0.8143E-02
   0.1212E+02   19   77  139  273  488  827 1269 1968 2931 4095 5778 7656 990612428151361769320894237292764831714184668  0.8730E-02
   0.1468E+02   27   66  165  235  554 1014 1655 2535 3825 5600 7732102651357216612204832382927797319553661541596246132  0.9604E-02
   0.1778E+02   13   43  133  269  528  963 1806 2950 4622 6828 9622130341708821668264223194538287445445116260164332091  0.1070E-01
   0.2154E+02   15   59  111  311  624 1257 2355 3920 65591003415069213732888837189462595422560820671877478583091514131  0.1367E-01
   0.2610E+02  184  661 1488 3081 5815 98561513821065273763332438339422944420844600434794173739931371923343329067512268  0.1124E-01
   0.3162E+02  223  654 1561 2749 4586 6368 8368 9937114551237312667125411206011000 9880 8358 6919 5362 3862 2261143184  0.2593E-02
   0.3831E+02    0    0    2    1    8    6   14   16   14   24   36   23   26   16   10    8    1    3    1    0   209  0.3124E-05
   0.4642E+02    0    0    0    0    0    0    0    0    0    0    0    0    0    0    0    0    0    0    0    0     0  0.0000E+00
   0.5623E+02    0    0    0    0    0    0    0    0    0    0    0    0    0    0    0    0    0    0    0    0     0  0.0000E+00
   0.0000E+00  841 2669 5584 9925168292604638512527707054190210**************************************************     0  0.0000E+00


 ENERGY(E/E0 IN %) - POLAR ANGLE IN COS-INTERVALS (0.05)  (BACKSCATTERED PROJECTILES)



 AZIMUTHAL ANGLE - POLAR ANGLE IN COS-INTERVALS (0.05)  (BACKSCATTERED PROJECTILES)

   0     1     2     3     4     5     6     7     8     9    10    11    12    13    14    15    16    17    18    19    20       0
   3    16    45    73   171   291   413   651   859  1130  1516  1859  2271  2751  3146  3528  4050  4347  4749  5339  5942   43147
   6    16    51    78   165   262   424   655   874  1176  1427  1874  2262  2705  3013  3684  4079  4480  4851  5365  5942   43383
   9    14    47    88   160   273   427   607   925  1199  1427  1856  2326  2663  3100  3543  4061  4394  4879  5360  6071   43420
  12    16    45   101   169   264   419   664   830  1159  1563  1837  2351  2685  3039  3589  3978  4367  4960  5365  5942   43343
  15    13    48   114   172   281   441   624   902  1139  1486  1879  2293  2682  3029  3559  3951  4428  4842  5403  6031   43317
  18    15    46    85   155   283   431   641   912  1099  1541  1851  2280  2559  3111  3574  4051  4411  4864  5453  5993   43355
  21    10    48   100   156   299   394   624   849  1188  1501  1906  2259  2672  3232  3586  3967  4467  4828  5388  5982   43456
  24    11    47    95   178   291   428   674   901  1167  1534  1918  2274  2563  3090  3593  4059  4402  4951  5444  5899   43519
  27    17    43    87   133   259   443   645   836  1141  1525  1785  2192  2673  3101  3541  3949  4397  4909  5347  6043   43066
  30    11    47   108   147   275   425   633   870  1166  1483  1875  2205  2679  3057  3595  4078  4478  4900  5297  5992   43321
  33    14    41    99   159   288   444   634   878  1249  1492  1915  2254  2717  3135  3488  4000  4309  4842  5277  5924   43159
  36    17    45    90   192   292   473   678   885  1111  1483  1832  2312  2744  3158  3568  4056  4537  4905  5262  6049   43689
  39    11    38    79   181   284   442   614   885  1172  1496  1901  2351  2768  3249  3475  4064  4321  4749  5495  6022   43597
  42    13    48    75   164   300   435   626   921  1177  1416  1854  2196  2698  3060  3604  3926  4365  4915  5320  6038   43151
  45    18    52    87   170   313   443   645   889  1201  1464  1874  2264  2696  3064  3545  4017  4482  4716  5446  5980   43366
  48     9    45    92   162   279   470   620   883  1213  1478  1890  2292  2695  3177  3606  3945  4465  4781  5433  5957   43492
  51    13    60    96   172   274   450   636   850  1206  1557  1884  2115  2791  3070  3672  4077  4481  4856  5499  6101   43860
  54    17    45   103   159   279   425   679   910  1126  1550  1824  2206  2629  3090  3577  3967  4446  4862  5310  6069   43273
  57    13    45    84   197   261   434   657   873  1176  1534  1840  2223  2667  3033  3523  4030  4549  4831  5423  5999   43392
  60    19    41    98   155   272   420   663   825  1163  1511  1942  2237  2666  3110  3591  3969  4597  4778  5348  6048   43453
  63    13    46    87   168   279   486   644   872  1165  1478  1863  2335  2631  3056  3477  4102  4456  4862  5347  5903   43270
  66    15    38    90   175   267   465   636   874  1147  1543  1811  2265  2794  3145  3508  4049  4395  4952  5478  5879   43526
  69    19    51    79   172   285   433   635   885  1185  1563  1876  2146  2791  3220  3536  4083  4502  4850  5491  5916   43718
  72    13    50    89   159   282   411   641   914  1230  1565  1879  2230  2716  3121  3589  3988  4486  4812  5319  6072   43566
  75    14    49    82   163   281   408   656   886  1163  1529  1883  2334  2679  3068  3520  3883  4486  4840  5300  5978   43202
  78    17    45   100   163   270   440   635   925  1226  1505  1880  2250  2630  3078  3652  3894  4471  4856  5363  5889   43289
  81     8    31   126   153   289   401   650   878  1168  1486  1873  2308  2644  3092  3612  4119  4486  4918  5388  5895   43525
  84    17    40    96   174   271   433   685   929  1156  1512  1889  2239  2726  3219  3599  4022  4406  4815  5387  5880   43495
  87    14    54    96   199   302   402   593   869  1155  1525  1819  2267  2723  3133  3497  4018  4422  4887  5290  6058   43323
  90    12    49    71   158   292   394   626   823  1198  1495  1896  2256  2638  3106  3581  4028  4423  4809  5439  5948   43242
  93    14    34   112   167   303   416   632   944  1188  1451  1862  2279  2558  2989  3517  3919  4484  4876  5479  5996   43220
  96    16    40   102   152   283   458   649   855  1221  1501  1825  2221  2857  3207  3406  3866  4409  4870  5406  6027   43371
  99    20    43    97   154   296   455   658   855  1182  1488  1811  2242  2725  3136  3595  3903  4525  4763  5168  5988   43104
 102     8    48    79   170   276   439   668   873  1181  1498  1784  2302  2563  3085  3673  3955  4418  4913  5312  5785   43030
 105    16    48   109   157   311   440   659   860  1175  1510  1839  2407  2691  3107  3638  4043  4323  4843  5397  6030   43603
 108    18    50   101   164   272   439   624   846  1126  1514  1866  2235  2706  3221  3544  3893  4387  4890  5359  5981   43236
 111    15    47    92   166   283   400   617   864  1199  1487  1860  2241  2765  3103  3543  4067  4496  4900  5381  5967   43493
 114    14    44    89   145   278   452   682   948  1153  1540  1851  2214  2611  3105  3655  3981  4570  4928  5247  5971   43478
 117    15    43    89   173   282   451   637   906  1151  1507  1858  2337  2601  3013  3594  3926  4437  4941  5376  5824   43161
 120    12    39    98   158   261   448   639   846  1203  1467  1834  2240  2726  3204  3565  3915  4296  4880  5315  5871   43017
 123    11    40   104   162   260   426   604   876  1191  1545  1895  2286  2663  3149  3491  4058  4422  4949  5333  5955   43420
 126    10    42   100   166   255   476   631   890  1181  1471  1868  2215  2616  3210  3594  4012  4315  4792  5286  5937   43067
 129    15    24    90   144   292   454   654   858  1147  1504  1942  2274  2740  3134  3463  3921  4449  4885  5422  6078   43490
 132    16    42    86   165   283   417   611   908  1192  1499  1846  2279  2595  3071  3508  3986  4455  4804  5472  5821   43056
 135    19    40    92   183   298   452   627   874  1161  1490  1868  2216  2701  3099  3589  4013  4409  4937  5335  5965   43368
 138    12    43    84   164   277   372   625   912  1169  1507  1935  2256  2714  3081  3690  3958  4443  4967  5464  5919   43592
 141    17    47    92   169   279   455   579   888  1195  1574  1896  2242  2699  3087  3581  3950  4483  4947  5341  6071   43592
 144    12    46    82   181   275   381   658   851  1158  1488  1852  2261  2665  3121  3602  4006  4382  5022  5441  6074   43558
 147    12    43    84   167   286   454   665   908  1140  1502  1889  2236  2680  3142  3518  4085  4395  4850  5446  6112   43614
 150    15    52    93   167   269   432   702   840  1203  1523  1842  2246  2697  3143  3581  3991  4441  4965  5313  6005   43520
 153    12    39   105   167   286   421   612   808  1239  1493  1911  2239  2694  3183  3463  3960  4489  4772  5320  5959   43172
 156    11    45    95   143   281   429   660   836  1209  1455  1838  2274  2682  3108  3707  3876  4499  4963  5373  5951   43435
 159    16    43    94   168   272   430   633   876  1125  1561  1913  2153  2652  3116  3486  4038  4416  4859  5364  5972   43187
 162    12    54   102   141   291   438   653   812  1118  1433  1883  2368  2651  3040  3480  3992  4336  4878  5361  5886   42929
 165    12    34    89   173   288   453   621   858  1199  1572  1900  2335  2642  3140  3572  3951  4412  4762  5367  5913   43293
 168    18    49    98   168   264   466   644   889  1231  1481  1839  2244  2741  3101  3476  4035  4492  4943  5346  6016   43541
 171    15    43    86   162   284   440   640   919  1194  1484  1854  2284  2747  3172  3531  3997  4381  4908  5527  5936   43604
 174    11    44    94   173   273   452   665   871  1153  1493  1811  2269  2668  3141  3640  3965  4463  4789  5339  6088   43402
 177    12    38    86   192   272   411   622   959  1197  1520  1874  2263  2693  3056  3500  4052  4438  4947  5393  6033   43558
 180    10    45   112   163   261   435   670   928  1209  1467  1851  2185  2772  3101  3427  4063  4431  4947  5426  6029   43532
   0   841  2669  5584  9925 16829 26046 38512 52770 70541 90210111962135636161190186867213641239837266152292259322485358602       0


 AZIMUTH.ANGLE - POLAR ANGLE IN COS-INTERVALS (0.05)   (BACKSCATTERED ENERGY)

    0.         1.         2.         3.         4.         5.         6.         7.         8.         9.        10.
    3. 0.2446E+03 0.6602E+03 0.1143E+04 0.3003E+04 0.5418E+04 0.8078E+04 0.1253E+05 0.1671E+05 0.2189E+05 0.2783E+05
    6. 0.1814E+03 0.7826E+03 0.1304E+04 0.3112E+04 0.5060E+04 0.8133E+04 0.1255E+05 0.1666E+05 0.2194E+05 0.2627E+05
    9. 0.2061E+03 0.6427E+03 0.1391E+04 0.2867E+04 0.5167E+04 0.8298E+04 0.1165E+05 0.1785E+05 0.2224E+05 0.2573E+05
   12. 0.2772E+03 0.6938E+03 0.1832E+04 0.3041E+04 0.4929E+04 0.8218E+04 0.1299E+05 0.1590E+05 0.2159E+05 0.2897E+05
   15. 0.1698E+03 0.7898E+03 0.1874E+04 0.3156E+04 0.5303E+04 0.8609E+04 0.1234E+05 0.1725E+05 0.2153E+05 0.2737E+05
   18. 0.2485E+03 0.6160E+03 0.1310E+04 0.2764E+04 0.5334E+04 0.8218E+04 0.1241E+05 0.1726E+05 0.2075E+05 0.2778E+05
   21. 0.1648E+03 0.7492E+03 0.1740E+04 0.3057E+04 0.5754E+04 0.7468E+04 0.1219E+05 0.1616E+05 0.2210E+05 0.2762E+05
   24. 0.2201E+03 0.7727E+03 0.1454E+04 0.3313E+04 0.5440E+04 0.8528E+04 0.1303E+05 0.1714E+05 0.2174E+05 0.2826E+05
   27. 0.2868E+03 0.6824E+03 0.1477E+04 0.2403E+04 0.4826E+04 0.8383E+04 0.1238E+05 0.1584E+05 0.2130E+05 0.2826E+05
   30. 0.2050E+03 0.6322E+03 0.1824E+04 0.2608E+04 0.5187E+04 0.8348E+04 0.1223E+05 0.1648E+05 0.2154E+05 0.2736E+05
   33. 0.2316E+03 0.7091E+03 0.1684E+04 0.2761E+04 0.5597E+04 0.8553E+04 0.1233E+05 0.1704E+05 0.2346E+05 0.2793E+05
   36. 0.3662E+03 0.6065E+03 0.1417E+04 0.3376E+04 0.5318E+04 0.9166E+04 0.1319E+05 0.1706E+05 0.2086E+05 0.2752E+05
   39. 0.2271E+03 0.6270E+03 0.1233E+04 0.3193E+04 0.5392E+04 0.8303E+04 0.1201E+05 0.1694E+05 0.2162E+05 0.2734E+05
   42. 0.2023E+03 0.7931E+03 0.1200E+04 0.2928E+04 0.5719E+04 0.8546E+04 0.1213E+05 0.1812E+05 0.2189E+05 0.2585E+05
   45. 0.2867E+03 0.7728E+03 0.1582E+04 0.3093E+04 0.5907E+04 0.8786E+04 0.1286E+05 0.1691E+05 0.2204E+05 0.2749E+05
   48. 0.1177E+03 0.8678E+03 0.1613E+04 0.2870E+04 0.5239E+04 0.9070E+04 0.1213E+05 0.1698E+05 0.2243E+05 0.2737E+05
   51. 0.1638E+03 0.1131E+04 0.1677E+04 0.3208E+04 0.5216E+04 0.8521E+04 0.1222E+05 0.1664E+05 0.2241E+05 0.2863E+05
   54. 0.2631E+03 0.7446E+03 0.1552E+04 0.2852E+04 0.5405E+04 0.8093E+04 0.1293E+05 0.1761E+05 0.2169E+05 0.2812E+05
   57. 0.1957E+03 0.6030E+03 0.1425E+04 0.3387E+04 0.4978E+04 0.8196E+04 0.1252E+05 0.1690E+05 0.2271E+05 0.2797E+05
   60. 0.3851E+03 0.5731E+03 0.1640E+04 0.2709E+04 0.5062E+04 0.8370E+04 0.1312E+05 0.1588E+05 0.2195E+05 0.2731E+05
   63. 0.2257E+03 0.7871E+03 0.1512E+04 0.2896E+04 0.5523E+04 0.9516E+04 0.1237E+05 0.1659E+05 0.2178E+05 0.2720E+05
   66. 0.2344E+03 0.5178E+03 0.1558E+04 0.3285E+04 0.5015E+04 0.8750E+04 0.1251E+05 0.1672E+05 0.2122E+05 0.2794E+05
   69. 0.2742E+03 0.9096E+03 0.1327E+04 0.3050E+04 0.5640E+04 0.8584E+04 0.1213E+05 0.1702E+05 0.2232E+05 0.2793E+05
   72. 0.1212E+03 0.7961E+03 0.1542E+04 0.2732E+04 0.5305E+04 0.7704E+04 0.1227E+05 0.1771E+05 0.2281E+05 0.2886E+05
   75. 0.2409E+03 0.8374E+03 0.1520E+04 0.3016E+04 0.5759E+04 0.7803E+04 0.1273E+05 0.1658E+05 0.2177E+05 0.2870E+05
   78. 0.2826E+03 0.7212E+03 0.1544E+04 0.3001E+04 0.4941E+04 0.8482E+04 0.1196E+05 0.1766E+05 0.2327E+05 0.2741E+05
   81. 0.1337E+03 0.5001E+03 0.2087E+04 0.2883E+04 0.5626E+04 0.7754E+04 0.1257E+05 0.1642E+05 0.2202E+05 0.2749E+05
   84. 0.2672E+03 0.6727E+03 0.1630E+04 0.2908E+04 0.5392E+04 0.8255E+04 0.1351E+05 0.1769E+05 0.2189E+05 0.2763E+05
   87. 0.1983E+03 0.8130E+03 0.1582E+04 0.3643E+04 0.5511E+04 0.7763E+04 0.1165E+05 0.1671E+05 0.2155E+05 0.2757E+05
   90. 0.1209E+03 0.8258E+03 0.1369E+04 0.2752E+04 0.5519E+04 0.7705E+04 0.1194E+05 0.1598E+05 0.2269E+05 0.2777E+05
   93. 0.1655E+03 0.5748E+03 0.2021E+04 0.3003E+04 0.5631E+04 0.8124E+04 0.1227E+05 0.1816E+05 0.2224E+05 0.2659E+05
   96. 0.2254E+03 0.5281E+03 0.1888E+04 0.3076E+04 0.5218E+04 0.9188E+04 0.1252E+05 0.1648E+05 0.2317E+05 0.2742E+05
   99. 0.2656E+03 0.6399E+03 0.1636E+04 0.2817E+04 0.5690E+04 0.9129E+04 0.1278E+05 0.1631E+05 0.2256E+05 0.2781E+05
  102. 0.5666E+02 0.7931E+03 0.1329E+04 0.3160E+04 0.5245E+04 0.8781E+04 0.1272E+05 0.1684E+05 0.2235E+05 0.2730E+05
  105. 0.2964E+03 0.7798E+03 0.1681E+04 0.2735E+04 0.5888E+04 0.8490E+04 0.1245E+05 0.1664E+05 0.2140E+05 0.2726E+05
  108. 0.2996E+03 0.6906E+03 0.1863E+04 0.2910E+04 0.4975E+04 0.8411E+04 0.1208E+05 0.1651E+05 0.2091E+05 0.2758E+05
  111. 0.2546E+03 0.6603E+03 0.1598E+04 0.3000E+04 0.5397E+04 0.7866E+04 0.1188E+05 0.1640E+05 0.2286E+05 0.2738E+05
  114. 0.2150E+03 0.6901E+03 0.1634E+04 0.2780E+04 0.5318E+04 0.8627E+04 0.1343E+05 0.1814E+05 0.2172E+05 0.2839E+05
  117. 0.2505E+03 0.7026E+03 0.1585E+04 0.3056E+04 0.5109E+04 0.8467E+04 0.1264E+05 0.1748E+05 0.2174E+05 0.2742E+05
  120. 0.1411E+03 0.5023E+03 0.1561E+04 0.2647E+04 0.4809E+04 0.8626E+04 0.1229E+05 0.1595E+05 0.2261E+05 0.2725E+05
  123. 0.1106E+03 0.6636E+03 0.1722E+04 0.2905E+04 0.5089E+04 0.7989E+04 0.1155E+05 0.1690E+05 0.2278E+05 0.2815E+05
  126. 0.2349E+03 0.5182E+03 0.1714E+04 0.3156E+04 0.4885E+04 0.9192E+04 0.1209E+05 0.1688E+05 0.2254E+05 0.2699E+05
  129. 0.2133E+03 0.3086E+03 0.1692E+04 0.2564E+04 0.5572E+04 0.8699E+04 0.1261E+05 0.1678E+05 0.2166E+05 0.2748E+05
  132. 0.1727E+03 0.6813E+03 0.1422E+04 0.2644E+04 0.5457E+04 0.7882E+04 0.1140E+05 0.1729E+05 0.2274E+05 0.2776E+05
  135. 0.3440E+03 0.6217E+03 0.1723E+04 0.3020E+04 0.5580E+04 0.8477E+04 0.1238E+05 0.1676E+05 0.2201E+05 0.2716E+05
  138. 0.1529E+03 0.6384E+03 0.1497E+04 0.2982E+04 0.5417E+04 0.7235E+04 0.1211E+05 0.1712E+05 0.2241E+05 0.2778E+05
  141. 0.2546E+03 0.8710E+03 0.1409E+04 0.3110E+04 0.5328E+04 0.8957E+04 0.1104E+05 0.1692E+05 0.2240E+05 0.2903E+05
  144. 0.2341E+03 0.6722E+03 0.1376E+04 0.3209E+04 0.5142E+04 0.7419E+04 0.1257E+05 0.1624E+05 0.2225E+05 0.2715E+05
  147. 0.1867E+03 0.5840E+03 0.1439E+04 0.3226E+04 0.5392E+04 0.8863E+04 0.1267E+05 0.1730E+05 0.2139E+05 0.2744E+05
  150. 0.1730E+03 0.7548E+03 0.1580E+04 0.3075E+04 0.5034E+04 0.8484E+04 0.1391E+05 0.1580E+05 0.2256E+05 0.2764E+05
  153. 0.1831E+03 0.5957E+03 0.1778E+04 0.2847E+04 0.5142E+04 0.8007E+04 0.1174E+05 0.1554E+05 0.2383E+05 0.2748E+05
  156. 0.1349E+03 0.5962E+03 0.1395E+04 0.2755E+04 0.5213E+04 0.7834E+04 0.1334E+05 0.1589E+05 0.2314E+05 0.2712E+05
  159. 0.2756E+03 0.7498E+03 0.1675E+04 0.3068E+04 0.5235E+04 0.8303E+04 0.1227E+05 0.1677E+05 0.2138E+05 0.2840E+05
  162. 0.2223E+03 0.8544E+03 0.1703E+04 0.2653E+04 0.5476E+04 0.8850E+04 0.1275E+05 0.1542E+05 0.2106E+05 0.2652E+05
  165. 0.1635E+03 0.5752E+03 0.1502E+04 0.3370E+04 0.5607E+04 0.8504E+04 0.1199E+05 0.1668E+05 0.2211E+05 0.2871E+05
  168. 0.2879E+03 0.7465E+03 0.1666E+04 0.3088E+04 0.4809E+04 0.9028E+04 0.1246E+05 0.1729E+05 0.2295E+05 0.2749E+05
  171. 0.1852E+03 0.7177E+03 0.1460E+04 0.2810E+04 0.5479E+04 0.8520E+04 0.1224E+05 0.1776E+05 0.2214E+05 0.2735E+05
  174. 0.1186E+03 0.6506E+03 0.1629E+04 0.3080E+04 0.5214E+04 0.8741E+04 0.1285E+05 0.1686E+05 0.2168E+05 0.2738E+05
  177. 0.1819E+03 0.5637E+03 0.1439E+04 0.3601E+04 0.4883E+04 0.7808E+04 0.1186E+05 0.1774E+05 0.2244E+05 0.2796E+05
  180. 0.1407E+03 0.7595E+03 0.1917E+04 0.2855E+04 0.5002E+04 0.8321E+04 0.1284E+05 0.1811E+05 0.2286E+05 0.2699E+05
    0. 0.1288E+05 0.4152E+05 0.9458E+05 0.1791E+06 0.3187E+06 0.5030E+06 0.7451E+06 0.1011E+07 0.1327E+07 0.1656E+07


1    0.        11.        12.        13.        14.        15.        16.        17.        18.        19.        20.         0.
    3. 0.3293E+05 0.3961E+05 0.4609E+05 0.5128E+05 0.5593E+05 0.6202E+05 0.6423E+05 0.6852E+05 0.7477E+05 0.8038E+05 0.6733E+06
    6. 0.3361E+05 0.3890E+05 0.4515E+05 0.4936E+05 0.5848E+05 0.6240E+05 0.6631E+05 0.6980E+05 0.7454E+05 0.8073E+05 0.6753E+06
    9. 0.3324E+05 0.4066E+05 0.4504E+05 0.5041E+05 0.5585E+05 0.6261E+05 0.6509E+05 0.7066E+05 0.7527E+05 0.8255E+05 0.6774E+06
   12. 0.3304E+05 0.4131E+05 0.4573E+05 0.4963E+05 0.5619E+05 0.6029E+05 0.6572E+05 0.7177E+05 0.7559E+05 0.8073E+05 0.6784E+06
   15. 0.3246E+05 0.3960E+05 0.4482E+05 0.5013E+05 0.5643E+05 0.6050E+05 0.6569E+05 0.6907E+05 0.7541E+05 0.8171E+05 0.6742E+06
   18. 0.3297E+05 0.4020E+05 0.4312E+05 0.5045E+05 0.5729E+05 0.6166E+05 0.6545E+05 0.6993E+05 0.7727E+05 0.8063E+05 0.6757E+06
   21. 0.3357E+05 0.3950E+05 0.4561E+05 0.5308E+05 0.5691E+05 0.6082E+05 0.6648E+05 0.6983E+05 0.7509E+05 0.8182E+05 0.6797E+06
   24. 0.3427E+05 0.3912E+05 0.4351E+05 0.5074E+05 0.5690E+05 0.6194E+05 0.6580E+05 0.7159E+05 0.7672E+05 0.7951E+05 0.6800E+06
   27. 0.3157E+05 0.3837E+05 0.4448E+05 0.5148E+05 0.5587E+05 0.6057E+05 0.6518E+05 0.7136E+05 0.7366E+05 0.8263E+05 0.6710E+06
   30. 0.3309E+05 0.3840E+05 0.4460E+05 0.4976E+05 0.5692E+05 0.6179E+05 0.6583E+05 0.7050E+05 0.7457E+05 0.8133E+05 0.6732E+06
   33. 0.3424E+05 0.3930E+05 0.4528E+05 0.5115E+05 0.5545E+05 0.6124E+05 0.6436E+05 0.6923E+05 0.7313E+05 0.7989E+05 0.6736E+06
   36. 0.3325E+05 0.3990E+05 0.4569E+05 0.5123E+05 0.5588E+05 0.6300E+05 0.6727E+05 0.7054E+05 0.7326E+05 0.8134E+05 0.6802E+06
   39. 0.3382E+05 0.4110E+05 0.4701E+05 0.5262E+05 0.5471E+05 0.6195E+05 0.6410E+05 0.6854E+05 0.7718E+05 0.8190E+05 0.6798E+06
   42. 0.3333E+05 0.3880E+05 0.4508E+05 0.5018E+05 0.5746E+05 0.6054E+05 0.6454E+05 0.7153E+05 0.7411E+05 0.8241E+05 0.6754E+06
   45. 0.3393E+05 0.3894E+05 0.4629E+05 0.4950E+05 0.5577E+05 0.6139E+05 0.6702E+05 0.6730E+05 0.7615E+05 0.8113E+05 0.6772E+06
   48. 0.3390E+05 0.3979E+05 0.4586E+05 0.5170E+05 0.5669E+05 0.6095E+05 0.6603E+05 0.6952E+05 0.7566E+05 0.8093E+05 0.6797E+06
   51. 0.3446E+05 0.3665E+05 0.4685E+05 0.5012E+05 0.5761E+05 0.6231E+05 0.6663E+05 0.6949E+05 0.7676E+05 0.8413E+05 0.6848E+06
   54. 0.3187E+05 0.3803E+05 0.4435E+05 0.5056E+05 0.5723E+05 0.6092E+05 0.6660E+05 0.7047E+05 0.7479E+05 0.8254E+05 0.6766E+06
   57. 0.3216E+05 0.3861E+05 0.4418E+05 0.4892E+05 0.5539E+05 0.6184E+05 0.6767E+05 0.7013E+05 0.7617E+05 0.8123E+05 0.6752E+06
   60. 0.3495E+05 0.3939E+05 0.4507E+05 0.5033E+05 0.5650E+05 0.6117E+05 0.6883E+05 0.6869E+05 0.7522E+05 0.8191E+05 0.6791E+06
   63. 0.3314E+05 0.4040E+05 0.4461E+05 0.5009E+05 0.5508E+05 0.6296E+05 0.6624E+05 0.7063E+05 0.7535E+05 0.8067E+05 0.6776E+06
   66. 0.3219E+05 0.3901E+05 0.4704E+05 0.5127E+05 0.5508E+05 0.6165E+05 0.6576E+05 0.7163E+05 0.7659E+05 0.7971E+05 0.6777E+06
   69. 0.3365E+05 0.3773E+05 0.4698E+05 0.5133E+05 0.5620E+05 0.6210E+05 0.6711E+05 0.6987E+05 0.7664E+05 0.8031E+05 0.6811E+06
   72. 0.3337E+05 0.3933E+05 0.4556E+05 0.5103E+05 0.5661E+05 0.6028E+05 0.6666E+05 0.6889E+05 0.7434E+05 0.8315E+05 0.6791E+06
   75. 0.3406E+05 0.4021E+05 0.4491E+05 0.4996E+05 0.5538E+05 0.5981E+05 0.6739E+05 0.6948E+05 0.7417E+05 0.8182E+05 0.6762E+06
   78. 0.3333E+05 0.3893E+05 0.4520E+05 0.5053E+05 0.5783E+05 0.6063E+05 0.6761E+05 0.6992E+05 0.7476E+05 0.8001E+05 0.6780E+06
   81. 0.3380E+05 0.4024E+05 0.4469E+05 0.5136E+05 0.5672E+05 0.6288E+05 0.6663E+05 0.7071E+05 0.7560E+05 0.7931E+05 0.6794E+06
   84. 0.3359E+05 0.3923E+05 0.4645E+05 0.5277E+05 0.5656E+05 0.6162E+05 0.6565E+05 0.6985E+05 0.7562E+05 0.7881E+05 0.6800E+06
   87. 0.3262E+05 0.3977E+05 0.4564E+05 0.5107E+05 0.5517E+05 0.6152E+05 0.6515E+05 0.7102E+05 0.7463E+05 0.8220E+05 0.6758E+06
   90. 0.3418E+05 0.3919E+05 0.4497E+05 0.5114E+05 0.5732E+05 0.6214E+05 0.6605E+05 0.6947E+05 0.7688E+05 0.8051E+05 0.6785E+06
   93. 0.3348E+05 0.3950E+05 0.4240E+05 0.4930E+05 0.5565E+05 0.5946E+05 0.6667E+05 0.6984E+05 0.7643E+05 0.8062E+05 0.6721E+06
   96. 0.3282E+05 0.3869E+05 0.4768E+05 0.5186E+05 0.5373E+05 0.5887E+05 0.6486E+05 0.6986E+05 0.7539E+05 0.8211E+05 0.6756E+06
   99. 0.3273E+05 0.3844E+05 0.4598E+05 0.5017E+05 0.5642E+05 0.5972E+05 0.6704E+05 0.6830E+05 0.7196E+05 0.8059E+05 0.6710E+06
  102. 0.3230E+05 0.4078E+05 0.4261E+05 0.5055E+05 0.5727E+05 0.6084E+05 0.6575E+05 0.7133E+05 0.7402E+05 0.7880E+05 0.6728E+06
  105. 0.3319E+05 0.4163E+05 0.4497E+05 0.5100E+05 0.5795E+05 0.6209E+05 0.6462E+05 0.6962E+05 0.7494E+05 0.8177E+05 0.6794E+06
  108. 0.3327E+05 0.3827E+05 0.4554E+05 0.5225E+05 0.5571E+05 0.5946E+05 0.6602E+05 0.7067E+05 0.7471E+05 0.8080E+05 0.6729E+06
  111. 0.3309E+05 0.3899E+05 0.4664E+05 0.5140E+05 0.5593E+05 0.6271E+05 0.6620E+05 0.7155E+05 0.7501E+05 0.8056E+05 0.6794E+06
  114. 0.3300E+05 0.3875E+05 0.4402E+05 0.5106E+05 0.5851E+05 0.6085E+05 0.6727E+05 0.7088E+05 0.7367E+05 0.7995E+05 0.6789E+06
  117. 0.3345E+05 0.4049E+05 0.4382E+05 0.4933E+05 0.5671E+05 0.5985E+05 0.6617E+05 0.7174E+05 0.7559E+05 0.7932E+05 0.6749E+06
  120. 0.3282E+05 0.3860E+05 0.4612E+05 0.5237E+05 0.5588E+05 0.6015E+05 0.6483E+05 0.7047E+05 0.7472E+05 0.7960E+05 0.6720E+06
  123. 0.3357E+05 0.4008E+05 0.4438E+05 0.5165E+05 0.5544E+05 0.6268E+05 0.6521E+05 0.7174E+05 0.7461E+05 0.8076E+05 0.6780E+06
  126. 0.3338E+05 0.3858E+05 0.4399E+05 0.5269E+05 0.5631E+05 0.6090E+05 0.6363E+05 0.6919E+05 0.7395E+05 0.8014E+05 0.6709E+06
  129. 0.3454E+05 0.3914E+05 0.4638E+05 0.5117E+05 0.5553E+05 0.5962E+05 0.6616E+05 0.7053E+05 0.7624E+05 0.8298E+05 0.6799E+06
  132. 0.3324E+05 0.3990E+05 0.4373E+05 0.4960E+05 0.5583E+05 0.6131E+05 0.6627E+05 0.6908E+05 0.7615E+05 0.7941E+05 0.6720E+06
  135. 0.3355E+05 0.3847E+05 0.4455E+05 0.5097E+05 0.5707E+05 0.6157E+05 0.6448E+05 0.7151E+05 0.7468E+05 0.8016E+05 0.6751E+06
  138. 0.3429E+05 0.3940E+05 0.4482E+05 0.4959E+05 0.5871E+05 0.6054E+05 0.6616E+05 0.7145E+05 0.7692E+05 0.7947E+05 0.6787E+06
  141. 0.3387E+05 0.3842E+05 0.4527E+05 0.5068E+05 0.5744E+05 0.6113E+05 0.6717E+05 0.7149E+05 0.7549E+05 0.8220E+05 0.6825E+06
  144. 0.3271E+05 0.3939E+05 0.4576E+05 0.5117E+05 0.5671E+05 0.6110E+05 0.6521E+05 0.7299E+05 0.7548E+05 0.8240E+05 0.6792E+06
  147. 0.3395E+05 0.3896E+05 0.4603E+05 0.5064E+05 0.5577E+05 0.6271E+05 0.6601E+05 0.6987E+05 0.7696E+05 0.8292E+05 0.6823E+06
  150. 0.3308E+05 0.3904E+05 0.4459E+05 0.5065E+05 0.5656E+05 0.6093E+05 0.6584E+05 0.7162E+05 0.7406E+05 0.8115E+05 0.6765E+06
  153. 0.3438E+05 0.3887E+05 0.4503E+05 0.5204E+05 0.5439E+05 0.6075E+05 0.6683E+05 0.6909E+05 0.7530E+05 0.8085E+05 0.6747E+06
  156. 0.3268E+05 0.3934E+05 0.4526E+05 0.5087E+05 0.5820E+05 0.5837E+05 0.6747E+05 0.7170E+05 0.7504E+05 0.8036E+05 0.6767E+06
  159. 0.3407E+05 0.3699E+05 0.4416E+05 0.4975E+05 0.5480E+05 0.6108E+05 0.6571E+05 0.6980E+05 0.7508E+05 0.8127E+05 0.6708E+06
  162. 0.3317E+05 0.4092E+05 0.4517E+05 0.4938E+05 0.5529E+05 0.6078E+05 0.6505E+05 0.6995E+05 0.7514E+05 0.8046E+05 0.6708E+06
  165. 0.3387E+05 0.3987E+05 0.4373E+05 0.5123E+05 0.5667E+05 0.6028E+05 0.6535E+05 0.6924E+05 0.7446E+05 0.8089E+05 0.6748E+06
  168. 0.3273E+05 0.3943E+05 0.4610E+05 0.5019E+05 0.5514E+05 0.6108E+05 0.6741E+05 0.7043E+05 0.7552E+05 0.8196E+05 0.6798E+06
  171. 0.3344E+05 0.3896E+05 0.4658E+05 0.5131E+05 0.5530E+05 0.6095E+05 0.6498E+05 0.7041E+05 0.7698E+05 0.8089E+05 0.6785E+06
  174. 0.3259E+05 0.3909E+05 0.4471E+05 0.5134E+05 0.5790E+05 0.6150E+05 0.6635E+05 0.6980E+05 0.7503E+05 0.8260E+05 0.6791E+06
  177. 0.3343E+05 0.4007E+05 0.4513E+05 0.5093E+05 0.5556E+05 0.6194E+05 0.6562E+05 0.7105E+05 0.7476E+05 0.8195E+05 0.6789E+06
  180. 0.3307E+05 0.3783E+05 0.4728E+05 0.5050E+05 0.5471E+05 0.6311E+05 0.6490E+05 0.7140E+05 0.7609E+05 0.8246E+05 0.6811E+06
    0. 0.2000E+07 0.2357E+07 0.2712E+07 0.3049E+07 0.3379E+07 0.3672E+07 0.3958E+07 0.4217E+07 0.4514E+07 0.4865E+07 0.0000E+00
