1
      * TrimSPNL v1.1.0 *

  Start: 10.Feb. 2025 16:38:15

  End:   10.Feb. 2025 16:38:17

  Simulation needed for  100000 muons       2 seconds


                              * INPUT DATA *     D_on_B_E50_2


       Z1        M1          E0      Esig       ALPHA       ALPHASIG       EF       ESB      SHEATH     ERC
      1.00      2.01        50.00      0.00      0.00      0.00      0.95      1.00    150.00      2.73

       NH        RI     RI2     RI3           X0        RD        CW        CA       KK0   KK0R   KDEE1  KDEE2  IPOT   IPOTR   IRL
    100000   7874.00   7874.00   7874.00         0.00    500.00      1.00      1.00       2      2      3      3      1      1      1


             DX      RHO    CK  Z(,1) Z(,2) Z(,3) Z(,4) Z(,5)  M(,1)  M(,2)  M(,3)  M(,4)  M(,5) C(,1) C(,2) C(,3) C(,4) C(,5)

   1.LAYER ********   2.34   1.00    5.    0.    0.    0.    0.  10.81   0.00   0.00   0.00   0.00 1.000 0.000 0.000 0.000 0.000


                           ***  SBE(LAYER,ELEMENT)  ***     ***     ED(LAYER,ELEMENT)     ***     ***   BE(LAYER,ELEMENT)  ***

   1.LAYER                   5.73  0.00  0.00  0.00  0.00     30.00   0.00   0.00   0.00   0.00     0.00  0.00  0.00  0.00  0.00


       INTERACTION POTENTIAL : PROJECTILE-TARGET : KR-C POTENTIAL     TARGET-TARGET : KR-C POTENTIAL    


       INELASTIC LOSS MODEL  : PROJECTILE-TARGET : 50% LS 50% OR      TARGET-TARGET : 50% LS 50% OR     


      fixed PROJECTILE ENERGY



      fixed PROJECTILE ANGLE

1

                              * OUTPUT DATA *     D_on_B_E50_2


                 HLM       HLMT        SU       SUT        XC        RT       SFE      INEL         L        LJ
               0.0000**********    3.3382**********   -3.3382999500.000      5.73         0         1         1


                NPROJ       KIB       KIT      MAXA      NALL       NPA       NSA       KIS      KIST
                25535       567         0       103    910120    352253    439089     12538         0


            EPS0(I)       Z2(I)       M2(I)     ARHO(I)       LM(I)     PDMAX(I)     ASIG(I)       SB(I)       XX(I)        NJ(I)

   1.LAYER   0.1604E+00  0.5000E+01  0.1081E+02  0.1303E+00  0.1972E+01  0.1113E+01  0.2571E+00  0.5730E+01  0.1000E+07         1


             A1(1)   A1(2)   A1(3)   A1(4)   A1(5)   A1(6)   A1(7)   A1(8)   A1(9)  A1(10)  A1(11)  A1(12)  A1(13)  A1(14)  A1(15)  A1(16)  A1(17)  A1(18)  A1(19)  A1(20)  A1(21)  A1(22)  A1(23)  A1(24)  A1(25)  A1(26)  A1(27)  A1(28)  A1(29)  A1(30)  A1(31)  A1(32)  A1(33)  A1(34)  A1(35)

           0.27398


           KOR1(1) KOR1(2) KOR1(3) KOR1(4) KOR1(5) KOR1(6) KOR1(7) KOR1(8) KOR1(9) KOR1(A) KOR1(B) KOR1(C) KOR1(D) KOR1(E) KOR1(F) KOR1(G) KOR1(H) KOR1(I) KOR1(J) KOR1(K) KOR1(L) KOR1(M) KOR1(N) KOR1(O) KOR1(P) KOR1(Q) KOR1(R) KOR1(S) KOR1(T) KOR1(U) KOR1(V) KOR1(W) KOR1(X) KOR1(Y) KOR1(Z)

           0.09066


            A(I,1)  A(I,2)  A(I,3)  A(I,4)  A(I,5)  A(I,6)  A(I,7)  A(I,8)  A(I,9) A(I,10) A(I,11) A(I,12) A(I,13) A(I,14) A(I,15) A(I,16) A(I,17) A(I,18) A(I,19) A(I,20) A(I,21) A(I,22) A(I,23) A(I,24) A(I,25) A(I,26) A(I,27) A(I,28) A(I,29) A(I,30) A(I,31) A(I,32) A(I,33) A(I,34) A(I,35)

           0.17260


           KOR(,1) KOR(,2) KOR(,3) KOR(,4) KOR(,5) KOR(,6) KOR(,7) KOR(,8) KOR(,9) KOR(,A) KOR(,B) KOR(,C) KOR(,D) KOR(,E) KOR(,F) KOR(,G) KOR(,H) KOR(,I) KOR(,J) KOR(,K) KOR(,L) KOR(,M) KOR(,N) KOR(,O) KOR(,P) KOR(,Q) KOR(,R) KOR(,S) KOR(,T) KOR(,U) KOR(,V) KOR(,W) KOR(,X) KOR(,Y) KOR(,Z)

           0.35436
1

           IMPLANTED PARTICLES=  75449     ENERGY=0.3772E+07 EV
       BACKSCATTERED PARTICLES=  24551     ENERGY=0.4504E+06 EV
         TRANSMITTED PARTICLES=      0     ENERGY=0.0000E+00 EV
       BACKSPUTTERED PARTICLES=    954     ENERGY=0.3408E+04 EV
      TRANSM. SPUTT. PARTICLES=      0     ENERGY=0.0000E+00 EV
               TRIED PARTICLES=      0
         PARTICLES with neg. E=      0
      THOMAS FERMI RED. ENERGY=  0.1385E+00
      SCALED PART. REFL. COEFF=  0.4145E+00


  PROJECTILES :   MEAN NUMBER OF ELASTIC COLLISIONS =     13.9   MEAN NUMBER OF EL.COLL.(E > EDISPL.) =    0.000
                                                                 MEAN NUMBER OF EL.COLL.(E > SB(1))   =    1.456

                       MEAN        VARIANCE      SKEWNESS      KURTOSIS        SIGMA       ERROR 1.M     ERROR 2.M     ERROR 3.M 
  PENETRATION       9.8650E+00    2.9099E+01    6.3649E-01    3.1177E+00    5.3943E+00    1.9639E-02    1.5416E-01    8.2733E-03
       SPREAD       8.9076E+00    2.2867E+01    7.2657E-01    4.9734E+00    4.7819E+00    1.7409E-02    1.6594E-01    6.6547E-02
   PATHLENGTH       2.8180E+01    3.4368E+01    1.2546E-01    2.7467E+00    5.8624E+00    2.1343E-02    1.6536E-01    7.3785E-03
 ELASTIC LOSS       4.3050E+01    2.8718E+00                                1.6947E+00    2.2461E-05
   INEL. LOSS       7.4495E+00    2.8243E+00                                1.6806E+00    2.2274E-05

                       MEAN        VARIANCE      SKEWNESS      KURTOSIS        SIGMA       ERROR 1.M     ERROR 2.M     ERROR 3.M 
   ELAST.LOSS       2.4946E+00    1.0259E+01    3.1008E+00    1.4868E+01    3.2030E+00    2.7174E-03    3.2413E-02    5.4865E-03
 WEAK EL.LOSS       3.3247E-01    2.6930E-02    5.9534E-01    2.6801E+00    1.6410E-01    1.3922E-04    2.9614E-05    1.4611E-03
 INELAST.LOSS       4.7474E-01    4.6254E-02   -4.2527E-01    1.9175E+00    2.1507E-01    1.8246E-04    3.7587E-05    1.3049E-03
  SUBTHR.LOSS       2.4946E+00    1.0259E+01    3.1008E+00    1.4868E+01    3.2030E+00    2.7174E-03    3.2413E-02    5.4865E-03

                     1.MOMENT      2.MOMENT      3.MOMENT      4.MOMENT      5.MOMENT      6.MOMENT 
  PENETRATION       9.8650E+00    1.2642E+02    1.9211E+03    3.3044E+04    6.2557E+05    1.2798E+07



  RECOILES (PER PROJ.)   :   MEAN NUMBER OF ELASTIC COLLISIONS =      8.5   MEAN NUMBER OF EL.COLL.(E > EDISPL.) =      0.000
                                                                            MEAN NUMBER OF EL.COLL.(E > SB(1))   =      0.754

  RECOILES (PER KNOCKON) :   MEAN NUMBER OF ELASTIC COLLISIONS =    1.075   MEAN NUMBER OF EL.COLL.(E > EDISPL.) =      0.000
                                                                            MEAN NUMBER OF EL.COLL.(E > SB(1))   =      0.095

1


     DEPTH(A)  PARTICLES  NORM.DEPTH PATHLENGTH   INLOSS(EV)  TELOSS(EV)  ELLOSS(EV)  DAMAGE(EV)  PHONON(EV)  CASCAD(EV)     DPA

    -SU-    0.       288  0.3817E-02
     0.-    1.       449  0.5951E-02         0    5.0881E+04  2.5884E+05  2.3834E+05  0.0000E+00  2.3834E+05  0.0000E+00       0
     1.-    2.      1857  0.2461E-01         0    6.2808E+04  3.3046E+05  3.0381E+05  0.0000E+00  3.0381E+05  0.0000E+00       0
     2.-    3.      3499  0.4638E-01         0    5.8210E+04  3.1840E+05  2.8879E+05  0.0000E+00  2.8879E+05  0.0000E+00       0
     3.-    4.      4310  0.5712E-01         0    6.6059E+04  3.6371E+05  3.2897E+05  0.0000E+00  3.2897E+05  0.0000E+00       0
     4.-    5.      4817  0.6384E-01         0    5.9730E+04  3.3877E+05  3.0321E+05  0.0000E+00  3.0321E+05  0.0000E+00       0
     5.-    6.      5146  0.6821E-01         0    5.7695E+04  3.3423E+05  2.9802E+05  0.0000E+00  2.9802E+05  0.0000E+00       0
     6.-    7.      5459  0.7235E-01         0    5.1295E+04  3.0477E+05  2.6963E+05  0.0000E+00  2.6963E+05  0.0000E+00       0
     7.-    8.      5570  0.7382E-01         0    4.5514E+04  2.7584E+05  2.4247E+05  0.0000E+00  2.4247E+05  0.0000E+00       0
     8.-    9.      5373  0.7121E-01         0    3.9149E+04  2.4357E+05  2.1252E+05  0.0000E+00  2.1252E+05  0.0000E+00       0
     9.-   10.      5185  0.6872E-01         1    3.3467E+04  2.1436E+05  1.8585E+05  0.0000E+00  1.8585E+05  0.0000E+00       0
    10.-   11.      4942  0.6550E-01        12    2.8044E+04  1.8410E+05  1.5847E+05  0.0000E+00  1.5847E+05  0.0000E+00       0
    11.-   12.      4387  0.5815E-01        27    2.3443E+04  1.5682E+05  1.3406E+05  0.0000E+00  1.3406E+05  0.0000E+00       0
    12.-   13.      4148  0.5498E-01        70    1.9064E+04  1.3036E+05  1.1064E+05  0.0000E+00  1.1064E+05  0.0000E+00       0
    13.-   14.      3685  0.4884E-01       132    1.5351E+04  1.0760E+05  9.0747E+04  0.0000E+00  9.0747E+04  0.0000E+00       0
    14.-   15.      3220  0.4268E-01       298    1.2175E+04  8.6543E+04  7.2396E+04  0.0000E+00  7.2396E+04  0.0000E+00       0
    15.-   16.      2688  0.3563E-01       370    9.5415E+03  6.9229E+04  5.7524E+04  0.0000E+00  5.7524E+04  0.0000E+00       0
    16.-   17.      2231  0.2957E-01       823    7.3239E+03  5.3919E+04  4.4434E+04  0.0000E+00  4.4434E+04  0.0000E+00       0
    17.-   18.      1904  0.2524E-01       843    5.5181E+03  4.1857E+04  3.4364E+04  0.0000E+00  3.4364E+04  0.0000E+00       0
    18.-   19.      1528  0.2025E-01      1788    4.1952E+03  3.2393E+04  2.6387E+04  0.0000E+00  2.6387E+04  0.0000E+00       0
    19.-   20.      1213  0.1608E-01      1621    3.1254E+03  2.4418E+04  1.9738E+04  0.0000E+00  1.9738E+04  0.0000E+00       0
    20.-   21.       974  0.1291E-01      2708    2.2046E+03  1.7679E+04  1.4198E+04  0.0000E+00  1.4198E+04  0.0000E+00       0
    21.-   22.       732  0.9702E-02      2568    1.6127E+03  1.2952E+04  1.0319E+04  0.0000E+00  1.0319E+04  0.0000E+00       0
    22.-   23.       523  0.6932E-02      3775    1.0847E+03  9.0235E+03  7.1411E+03  0.0000E+00  7.1411E+03  0.0000E+00       0
    23.-   24.       439  0.5818E-02      3508    7.3624E+02  6.1039E+03  4.7571E+03  0.0000E+00  4.7571E+03  0.0000E+00       0
    24.-   25.       299  0.3963E-02      4633    4.9862E+02  4.3288E+03  3.3726E+03  0.0000E+00  3.3726E+03  0.0000E+00       0
    25.-   26.       198  0.2624E-02      4497    3.2388E+02  2.7772E+03  2.1282E+03  0.0000E+00  2.1282E+03  0.0000E+00       0
    26.-   27.       131  0.1736E-02      4951    2.0126E+02  1.7891E+03  1.3716E+03  0.0000E+00  1.3716E+03  0.0000E+00       0
    27.-   28.        95  0.1259E-02      4843    1.2346E+02  1.0604E+03  7.9500E+02  0.0000E+00  7.9500E+02  0.0000E+00       0
    28.-   29.        64  0.8483E-03      4855    8.6000E+01  8.0595E+02  6.1349E+02  0.0000E+00  6.1349E+02  0.0000E+00       0
    29.-   30.        35  0.4639E-03      4881    4.5439E+01  4.0995E+02  3.0609E+02  0.0000E+00  3.0609E+02  0.0000E+00       0
    30.-   31.        30  0.3976E-03      4378    2.8613E+01  2.8480E+02  2.1312E+02  0.0000E+00  2.1312E+02  0.0000E+00       0
    31.-   32.        14  0.1856E-03      4332    1.3539E+01  1.3831E+02  1.0214E+02  0.0000E+00  1.0214E+02  0.0000E+00       0
    32.-   33.         8  0.1060E-03      3591    8.1598E+00  7.1947E+01  5.1782E+01  0.0000E+00  5.1782E+01  0.0000E+00       0
    33.-   34.         2  0.2651E-04      3543    6.2075E+00  6.0280E+01  4.4818E+01  0.0000E+00  4.4818E+01  0.0000E+00       0
    34.-   35.         3  0.3976E-04      2535    8.7302E-01  1.0162E+01  6.7157E+00  0.0000E+00  6.7157E+00  0.0000E+00       0
    35.-   36.         1  0.1325E-04      2628    1.7386E+00  1.5658E+01  9.3349E+00  0.0000E+00  9.3349E+00  0.0000E+00       0
    36.-   37.         2  0.2651E-04      1770    1.3058E-01  1.3814E+00  8.2824E-01  0.0000E+00  8.2824E-01  0.0000E+00       0
    37.-   38.         0  0.0000E+00      1670    5.4547E-01  4.6853E+00  3.5339E+00  0.0000E+00  3.5339E+00  0.0000E+00       0
    38.-   39.         0  0.0000E+00      1062    2.9546E-01  5.4365E+00  4.7370E+00  0.0000E+00  4.7370E+00  0.0000E+00       0
    39.-   40.         0  0.0000E+00       971    0.0000E+00  0.0000E+00  0.0000E+00  0.0000E+00  0.0000E+00  0.0000E+00       0
    40.-   41.         0  0.0000E+00       547    0.0000E+00  0.0000E+00  0.0000E+00  0.0000E+00  0.0000E+00  0.0000E+00       0
    41.-   42.         0  0.0000E+00       498    0.0000E+00  0.0000E+00  0.0000E+00  0.0000E+00  0.0000E+00  0.0000E+00       0
    42.-   43.         0  0.0000E+00       263    0.0000E+00  0.0000E+00  0.0000E+00  0.0000E+00  0.0000E+00  0.0000E+00       0
    43.-   44.         0  0.0000E+00       228    0.0000E+00  0.0000E+00  0.0000E+00  0.0000E+00  0.0000E+00  0.0000E+00       0
    44.-   45.         0  0.0000E+00        76    0.0000E+00  0.0000E+00  0.0000E+00  0.0000E+00  0.0000E+00  0.0000E+00       0
    45.-   46.         0  0.0000E+00        81    0.0000E+00  0.0000E+00  0.0000E+00  0.0000E+00  0.0000E+00  0.0000E+00       0
    46.-   47.         0  0.0000E+00        30    0.0000E+00  0.0000E+00  0.0000E+00  0.0000E+00  0.0000E+00  0.0000E+00       0
    47.-   48.         0  0.0000E+00        23    0.0000E+00  0.0000E+00  0.0000E+00  0.0000E+00  0.0000E+00  0.0000E+00       0
    48.-   49.         0  0.0000E+00        13    0.0000E+00  0.0000E+00  0.0000E+00  0.0000E+00  0.0000E+00  0.0000E+00       0
    49.-   50.         0  0.0000E+00         4    0.0000E+00  0.0000E+00  0.0000E+00  0.0000E+00  0.0000E+00  0.0000E+00       0
    50.-   51.         0  0.0000E+00         1    0.0000E+00  0.0000E+00  0.0000E+00  0.0000E+00  0.0000E+00  0.0000E+00       0
    51.-   52.         0  0.0000E+00         1    0.0000E+00  0.0000E+00  0.0000E+00  0.0000E+00  0.0000E+00  0.0000E+00       0
    52.-   53.         0  0.0000E+00         0    0.0000E+00  0.0000E+00  0.0000E+00  0.0000E+00  0.0000E+00  0.0000E+00       0
    53.-   54.         0  0.0000E+00         0    0.0000E+00  0.0000E+00  0.0000E+00  0.0000E+00  0.0000E+00  0.0000E+00       0
    54.-   SUT         0  0.0000E+00

                   75449  1.0000E+00     75449    6.5957E+05  3.9277E+06  3.4658E+06  0.0000E+00  3.4658E+06  0.0000E+00       0
1    DEPTH(A)    INLOSS(1)   ELLOSS(1)   DAMAGE(1)   PHONON(1)   INLOSS(2)   ELLOSS(2)   DAMAGE(2)   PHONON(2)  DPA(1)  DPA(2)

     0.-    1.  5.0881E+04  2.3834E+05  0.0000E+00  2.3834E+05  0.0000E+00  0.0000E+00  0.0000E+00  0.0000E+00       0       0
     1.-    2.  6.2808E+04  3.0381E+05  0.0000E+00  3.0381E+05  0.0000E+00  0.0000E+00  0.0000E+00  0.0000E+00       0       0
     2.-    3.  5.8210E+04  2.8879E+05  0.0000E+00  2.8879E+05  0.0000E+00  0.0000E+00  0.0000E+00  0.0000E+00       0       0
     3.-    4.  6.6059E+04  3.2897E+05  0.0000E+00  3.2897E+05  0.0000E+00  0.0000E+00  0.0000E+00  0.0000E+00       0       0
     4.-    5.  5.9730E+04  3.0321E+05  0.0000E+00  3.0321E+05  0.0000E+00  0.0000E+00  0.0000E+00  0.0000E+00       0       0
     5.-    6.  5.7695E+04  2.9802E+05  0.0000E+00  2.9802E+05  0.0000E+00  0.0000E+00  0.0000E+00  0.0000E+00       0       0
     6.-    7.  5.1295E+04  2.6963E+05  0.0000E+00  2.6963E+05  0.0000E+00  0.0000E+00  0.0000E+00  0.0000E+00       0       0
     7.-    8.  4.5514E+04  2.4247E+05  0.0000E+00  2.4247E+05  0.0000E+00  0.0000E+00  0.0000E+00  0.0000E+00       0       0
     8.-    9.  3.9149E+04  2.1252E+05  0.0000E+00  2.1252E+05  0.0000E+00  0.0000E+00  0.0000E+00  0.0000E+00       0       0
     9.-   10.  3.3467E+04  1.8585E+05  0.0000E+00  1.8585E+05  0.0000E+00  0.0000E+00  0.0000E+00  0.0000E+00       0       0
    10.-   11.  2.8044E+04  1.5847E+05  0.0000E+00  1.5847E+05  0.0000E+00  0.0000E+00  0.0000E+00  0.0000E+00       0       0
    11.-   12.  2.3443E+04  1.3406E+05  0.0000E+00  1.3406E+05  0.0000E+00  0.0000E+00  0.0000E+00  0.0000E+00       0       0
    12.-   13.  1.9064E+04  1.1064E+05  0.0000E+00  1.1064E+05  0.0000E+00  0.0000E+00  0.0000E+00  0.0000E+00       0       0
    13.-   14.  1.5351E+04  9.0747E+04  0.0000E+00  9.0747E+04  0.0000E+00  0.0000E+00  0.0000E+00  0.0000E+00       0       0
    14.-   15.  1.2175E+04  7.2396E+04  0.0000E+00  7.2396E+04  0.0000E+00  0.0000E+00  0.0000E+00  0.0000E+00       0       0
    15.-   16.  9.5415E+03  5.7524E+04  0.0000E+00  5.7524E+04  0.0000E+00  0.0000E+00  0.0000E+00  0.0000E+00       0       0
    16.-   17.  7.3239E+03  4.4434E+04  0.0000E+00  4.4434E+04  0.0000E+00  0.0000E+00  0.0000E+00  0.0000E+00       0       0
    17.-   18.  5.5181E+03  3.4364E+04  0.0000E+00  3.4364E+04  0.0000E+00  0.0000E+00  0.0000E+00  0.0000E+00       0       0
    18.-   19.  4.1952E+03  2.6387E+04  0.0000E+00  2.6387E+04  0.0000E+00  0.0000E+00  0.0000E+00  0.0000E+00       0       0
    19.-   20.  3.1254E+03  1.9738E+04  0.0000E+00  1.9738E+04  0.0000E+00  0.0000E+00  0.0000E+00  0.0000E+00       0       0
    20.-   21.  2.2046E+03  1.4198E+04  0.0000E+00  1.4198E+04  0.0000E+00  0.0000E+00  0.0000E+00  0.0000E+00       0       0
    21.-   22.  1.6127E+03  1.0319E+04  0.0000E+00  1.0319E+04  0.0000E+00  0.0000E+00  0.0000E+00  0.0000E+00       0       0
    22.-   23.  1.0847E+03  7.1411E+03  0.0000E+00  7.1411E+03  0.0000E+00  0.0000E+00  0.0000E+00  0.0000E+00       0       0
    23.-   24.  7.3624E+02  4.7571E+03  0.0000E+00  4.7571E+03  0.0000E+00  0.0000E+00  0.0000E+00  0.0000E+00       0       0
    24.-   25.  4.9862E+02  3.3726E+03  0.0000E+00  3.3726E+03  0.0000E+00  0.0000E+00  0.0000E+00  0.0000E+00       0       0
    25.-   26.  3.2388E+02  2.1282E+03  0.0000E+00  2.1282E+03  0.0000E+00  0.0000E+00  0.0000E+00  0.0000E+00       0       0
    26.-   27.  2.0126E+02  1.3716E+03  0.0000E+00  1.3716E+03  0.0000E+00  0.0000E+00  0.0000E+00  0.0000E+00       0       0
    27.-   28.  1.2346E+02  7.9500E+02  0.0000E+00  7.9500E+02  0.0000E+00  0.0000E+00  0.0000E+00  0.0000E+00       0       0
    28.-   29.  8.6000E+01  6.1349E+02  0.0000E+00  6.1349E+02  0.0000E+00  0.0000E+00  0.0000E+00  0.0000E+00       0       0
    29.-   30.  4.5439E+01  3.0609E+02  0.0000E+00  3.0609E+02  0.0000E+00  0.0000E+00  0.0000E+00  0.0000E+00       0       0
    30.-   31.  2.8613E+01  2.1312E+02  0.0000E+00  2.1312E+02  0.0000E+00  0.0000E+00  0.0000E+00  0.0000E+00       0       0
    31.-   32.  1.3539E+01  1.0214E+02  0.0000E+00  1.0214E+02  0.0000E+00  0.0000E+00  0.0000E+00  0.0000E+00       0       0
    32.-   33.  8.1598E+00  5.1782E+01  0.0000E+00  5.1782E+01  0.0000E+00  0.0000E+00  0.0000E+00  0.0000E+00       0       0
    33.-   34.  6.2075E+00  4.4818E+01  0.0000E+00  4.4818E+01  0.0000E+00  0.0000E+00  0.0000E+00  0.0000E+00       0       0
    34.-   35.  8.7302E-01  6.7157E+00  0.0000E+00  6.7157E+00  0.0000E+00  0.0000E+00  0.0000E+00  0.0000E+00       0       0
    35.-   36.  1.7386E+00  9.3349E+00  0.0000E+00  9.3349E+00  0.0000E+00  0.0000E+00  0.0000E+00  0.0000E+00       0       0
    36.-   37.  1.3058E-01  8.2824E-01  0.0000E+00  8.2824E-01  0.0000E+00  0.0000E+00  0.0000E+00  0.0000E+00       0       0
    37.-   38.  5.4547E-01  3.5339E+00  0.0000E+00  3.5339E+00  0.0000E+00  0.0000E+00  0.0000E+00  0.0000E+00       0       0
    38.-   39.  2.9546E-01  4.7370E+00  0.0000E+00  4.7370E+00  0.0000E+00  0.0000E+00  0.0000E+00  0.0000E+00       0       0
    39.-   40.  0.0000E+00  0.0000E+00  0.0000E+00  0.0000E+00  0.0000E+00  0.0000E+00  0.0000E+00  0.0000E+00       0       0
    40.-   41.  0.0000E+00  0.0000E+00  0.0000E+00  0.0000E+00  0.0000E+00  0.0000E+00  0.0000E+00  0.0000E+00       0       0

                6.5957E+05  3.4658E+06  0.0000E+00  3.4658E+06  0.0000E+00  0.0000E+00  0.0000E+00  0.0000E+00       0       0




     DAMAGE IN LAYER   1 :    3.4658E+06
1
     RECOILS



     DEPTH(A)     INLOSS(EV)   TELOSS(EV)   ELLOSS(EV)   DAMAGE(EV)   PHONON(EV)     DPA  DPA(1)  DPA(2) (1-1) (1-2) (2-1) (2-2)

     0.-    1.    5.7093E+03   1.5201E+05   1.0051E+05   0.0000E+00   1.0051E+05       0       0       0     0     0     0     0
     1.-    2.    6.9309E+03   2.1420E+05   1.5475E+05   0.0000E+00   1.5475E+05       0       0       0     0     0     0     0
     2.-    3.    1.0006E+04   3.0057E+05   2.1548E+05   0.0000E+00   2.1548E+05       0       0       0     0     0     0     0
     3.-    4.    1.1386E+04   3.3676E+05   2.4094E+05   0.0000E+00   2.4094E+05       0       0       0     0     0     0     0
     4.-    5.    1.1981E+04   3.5529E+05   2.5391E+05   0.0000E+00   2.5391E+05       0       0       0     0     0     0     0
     5.-    6.    1.1917E+04   3.5420E+05   2.5228E+05   0.0000E+00   2.5228E+05       0       0       0     0     0     0     0
     6.-    7.    1.1267E+04   3.3859E+05   2.4122E+05   0.0000E+00   2.4122E+05       0       0       0     0     0     0     0
     7.-    8.    1.0316E+04   3.1283E+05   2.2257E+05   0.0000E+00   2.2257E+05       0       0       0     0     0     0     0
     8.-    9.    9.1084E+03   2.7829E+05   1.9782E+05   0.0000E+00   1.9782E+05       0       0       0     0     0     0     0
     9.-   10.    7.9749E+03   2.4525E+05   1.7419E+05   0.0000E+00   1.7419E+05       0       0       0     0     0     0     0
    10.-   11.    6.7786E+03   2.1062E+05   1.4966E+05   0.0000E+00   1.4966E+05       0       0       0     0     0     0     0
    11.-   12.    5.7302E+03   1.7940E+05   1.2735E+05   0.0000E+00   1.2735E+05       0       0       0     0     0     0     0
    12.-   13.    4.6862E+03   1.4790E+05   1.0496E+05   0.0000E+00   1.0496E+05       0       0       0     0     0     0     0
    13.-   14.    3.8364E+03   1.2154E+05   8.6155E+04   0.0000E+00   8.6155E+04       0       0       0     0     0     0     0
    14.-   15.    3.0847E+03   9.8141E+04   6.9497E+04   0.0000E+00   6.9497E+04       0       0       0     0     0     0     0
    15.-   16.    2.4106E+03   7.7399E+04   5.4854E+04   0.0000E+00   5.4854E+04       0       0       0     0     0     0     0
    16.-   17.    1.8848E+03   6.0579E+04   4.2838E+04   0.0000E+00   4.2838E+04       0       0       0     0     0     0     0
    17.-   18.    1.4424E+03   4.6633E+04   3.3019E+04   0.0000E+00   3.3019E+04       0       0       0     0     0     0     0
    18.-   19.    1.0902E+03   3.5556E+04   2.5128E+04   0.0000E+00   2.5128E+04       0       0       0     0     0     0     0
    19.-   20.    8.2037E+02   2.6954E+04   1.9080E+04   0.0000E+00   1.9080E+04       0       0       0     0     0     0     0
    20.-   21.    6.0433E+02   1.9973E+04   1.4189E+04   0.0000E+00   1.4189E+04       0       0       0     0     0     0     0
    21.-   22.    4.2482E+02   1.3967E+04   9.8139E+03   0.0000E+00   9.8139E+03       0       0       0     0     0     0     0
    22.-   23.    3.0244E+02   1.0078E+04   7.1623E+03   0.0000E+00   7.1623E+03       0       0       0     0     0     0     0
    23.-   24.    2.1279E+02   7.1437E+03   5.0716E+03   0.0000E+00   5.0716E+03       0       0       0     0     0     0     0
    24.-   25.    1.4849E+02   4.9657E+03   3.5100E+03   0.0000E+00   3.5100E+03       0       0       0     0     0     0     0
    25.-   26.    9.5268E+01   3.1926E+03   2.2248E+03   0.0000E+00   2.2248E+03       0       0       0     0     0     0     0
    26.-   27.    6.0685E+01   2.0582E+03   1.4485E+03   0.0000E+00   1.4485E+03       0       0       0     0     0     0     0
    27.-   28.    4.0713E+01   1.3622E+03   9.4627E+02   0.0000E+00   9.4627E+02       0       0       0     0     0     0     0
    28.-   29.    2.4127E+01   8.2129E+02   5.7330E+02   0.0000E+00   5.7330E+02       0       0       0     0     0     0     0
    29.-   30.    1.3283E+01   4.6185E+02   3.2646E+02   0.0000E+00   3.2646E+02       0       0       0     0     0     0     0
    30.-   31.    9.1428E+00   3.1762E+02   2.2890E+02   0.0000E+00   2.2890E+02       0       0       0     0     0     0     0
    31.-   32.    4.3117E+00   1.5555E+02   1.1479E+02   0.0000E+00   1.1479E+02       0       0       0     0     0     0     0
    32.-   33.    3.7054E+00   1.3332E+02   9.8625E+01   0.0000E+00   9.8625E+01       0       0       0     0     0     0     0
    33.-   34.    1.7090E+00   6.1589E+01   4.3527E+01   0.0000E+00   4.3527E+01       0       0       0     0     0     0     0
    34.-   35.    9.7721E-01   3.8067E+01   2.9673E+01   0.0000E+00   2.9673E+01       0       0       0     0     0     0     0
    35.-   36.    6.3718E-01   2.0198E+01   1.3241E+01   0.0000E+00   1.3241E+01       0       0       0     0     0     0     0
    36.-   37.    3.2774E-01   1.2590E+01   9.4894E+00   0.0000E+00   9.4894E+00       0       0       0     0     0     0     0
    37.-   38.    4.7606E-02   2.8770E+00   2.8527E+00   0.0000E+00   2.8527E+00       0       0       0     0     0     0     0
    38.-   39.    7.6646E-02   2.7761E+00   2.0175E+00   0.0000E+00   2.0175E+00       0       0       0     0     0     0     0
    39.-   40.    3.1994E-01   1.1313E+01   8.5964E+00   0.0000E+00   8.5964E+00       0       0       0     0     0     0     0
    40.-   41.    0.0000E+00   0.0000E+00   0.0000E+00   0.0000E+00   0.0000E+00       0       0       0     0     0     0     0
    41.-   42.    0.0000E+00   0.0000E+00   0.0000E+00   0.0000E+00   0.0000E+00       0       0       0     0     0     0     0

                  1.3031E+05   3.9575E+06   2.8120E+06   0.0000E+00   2.8120E+06       0       0       0
1

     BACKSCATTERING OF PROJECTILES


     PART.REFL.COEF.= 2.4551E-01  ENERGY REFL.COEF.= 9.0086E-02  REL.MEAN ENERGY = 3.6693E-01  MEAN ENERGY = 1.8347E+01

                       MEAN        VARIANCE      SKEWNESS      KURTOSIS        SIGMA       ERROR 1.M     ERROR 2.M     ERROR 3.M 
       ENERGY       1.8347E+01    7.7754E+01   -2.4722E-01    2.0355E+00    8.8178E+00    5.6276E-02    5.0497E-01    9.3556E-03
   PATHLENGTH       1.2491E+01    5.7683E+01    4.9015E-01    2.6113E+00    7.5949E+00    4.8472E-02    4.6730E-01    1.1666E-02
 ELASTIC LOSS       2.7682E+01    5.9000E+01                                7.6811E+00    3.1286E-04
   INEL. LOSS       3.9716E+00    4.4692E+00                                2.1141E+00    8.6109E-05

                     1.MOMENT      2.MOMENT      3.MOMENT      4.MOMENT      5.MOMENT      6.MOMENT 
       ENERGY       1.8347E+01    4.1435E+02    1.0286E+04    2.7020E+05    7.3829E+06    2.0784E+08
    LOGENERGY       1.1768E+00    1.4964E+00    1.9545E+00    2.6096E+00    3.5325E+00    4.8377E+00
   PATHLENGTH       1.2491E+01    2.1371E+02    4.3253E+03    9.7764E+04    2.3980E+06    6.2733E+07


     POLAR ANGULAR DISTRIBUTION OF BACKSCATTERED PROJECTILES


       0.05  0.10  0.15  0.20  0.25  0.30  0.35  0.40  0.45  0.50  0.55  0.60  0.65  0.70  0.75  0.80  0.85  0.90  0.95  1.00

          7    17    43    79   126   235   345   466   653   872  1046  1227  1531  1777  1971  2266  2537  2856  3091  3406
      0.006 0.014 0.035 0.064 0.103 0.191 0.281 0.380 0.532 0.710 0.852 1.000 1.247 1.448 1.606 1.846 2.067 2.327 2.518 2.775
1     BACKWARD SPUTTERING



        ALL SPUTTERED PARTICLES =     954   TOTAL SPUTTERED ENERGY = 0.3408E+04 EV


        SPUTTERED PARTICLES (  1.LAYER) =     954   SPUTTERED ENERGY = 0.3408E+04 EV


 1.LAYER
         SPUTTERED PARTICLES(1) =     954     SPUTTERED ENERGY(1) = 0.3408E+04 EV

         ION IN , PRIMARY KO(1) =      14   0.0147   0.0147    ENERGY = 0.4787E+02 EV   0.0140   0.0140    MEAN ENERGY = 0.3419E+01
         ION IN , SECOND. KO(1) =      14   0.0147   0.0147    ENERGY = 0.3628E+02 EV   0.0106   0.0106    MEAN ENERGY = 0.2591E+01
        ION OUT , PRIMARY KO(1) =     760   0.7966   0.7966    ENERGY = 0.2859E+04 EV   0.8388   0.8388    MEAN ENERGY = 0.3761E+01
        ION OUT , SECOND. KO(1) =     166   0.1740   0.1740    ENERGY = 0.4653E+03 EV   0.1365   0.1365    MEAN ENERGY = 0.2803E+01


     SPUTTERING YIELD(1) =  9.540E-03  SPUTTERED ENERGY(1) =  6.816E-04  REL.MEAN ENERGY(1) =  7.145E-02  MEAN ENERGY(1) =  3.573E+00

                       MEAN        VARIANCE      SKEWNESS      KURTOSIS        SIGMA       ERROR 1.M     ERROR 2.M     ERROR 3.M 
    ENERGY(1)       3.5725E+00    5.0101E+00    8.3615E-01    3.4079E+00    2.2383E+00    7.2468E-02    2.5170E-01    7.8179E-02
 LOGENERGY(1)       4.5270E-01    1.0452E-01   -7.5245E-01    3.4958E+00    3.2330E-01    1.0473E-02    5.3489E-03    7.9367E-02

                     1.MOMENT      2.MOMENT      3.MOMENT      4.MOMENT      5.MOMENT      6.MOMENT 
    ENERGY(1)       3.5725E+00    1.7773E+01    1.0867E+02    7.6608E+02    6.0105E+03    5.1323E+04
 LOGENERGY(1)       4.5270E-01    3.0946E-01    2.0930E-01    1.6267E-01    1.2527E-01    1.0470E-01


 3.LAYER
          SPUTTERED PARTICLES(1) =     954      SPUTTERED ENERGY(1) = 0.3408E+04 EV

         ION IN , PRIMARY KO(1) =      14   0.0147   0.0147    ENERGY = 0.4787E+02 EV   0.0140   0.0140    MEAN ENERGY = 0.3419E+01
         ION IN , SECOND. KO(1) =      14   0.0147   0.0147    ENERGY = 0.3628E+02 EV   0.0106   0.0106    MEAN ENERGY = 0.2591E+01
        ION OUT , PRIMARY KO(1) =     760   0.7966   0.7966    ENERGY = 0.2859E+04 EV   0.8388   0.8388    MEAN ENERGY = 0.3761E+01
        ION OUT , SECOND. KO(1) =     166   0.1740   0.1740    ENERGY = 0.4653E+03 EV   0.1365   0.1365    MEAN ENERGY = 0.2803E+01


     SPUTTERING YIELD(1) =  9.540E-03  SPUTTERED ENERGY(1) =  6.816E-04  REL.MEAN ENERGY(1) =  7.145E-02  MEAN ENERGY(1) =  3.573E+00



     POLAR ANGULAR DISTRIBUTION OF ALL BACKWARD SPUTTERED PARTICLES


       0.05  0.10  0.15  0.20  0.25  0.30  0.35  0.40  0.45  0.50  0.55  0.60  0.65  0.70  0.75  0.80  0.85  0.90  0.95  1.00

          1    10    15    15    27    22    32    42    40    45    48    61    53    65    68    65    85    88    69   103
      0.021 0.210 0.314 0.314 0.566 0.461 0.671 0.881 0.839 0.943 1.006 1.279 1.111 1.363 1.426 1.363 1.782 1.845 1.447 2.159


 LOG ENERGY - COS OF EMISSION ANGLE (0.05 STEPS)   (BACKSCATTERED PROJECTILES)

   0.7003-312    1    2    3    4    5    6    7    8    9   10   11   12   13   14   15   16   17   18   19   20     0  0.0000E+00
   0.1000E+00    0    0    0    0    0    0    0    0    0    0    0    1    0    0    0    1    0    1    0    0     3  0.3000E-03
   0.1212E+00    0    0    0    0    0    0    0    0    0    0    0    0    0    0    0    0    1    1    1    0     3  0.1418E-02
   0.1468E+00    0    0    0    1    0    0    0    0    0    0    0    2    0    0    1    0    0    0    0    0     4  0.1561E-02
   0.1778E+00    0    0    0    0    1    0    0    0    0    0    0    1    0    0    0    0    0    0    1    0     3  0.9662E-03
   0.2154E+00    0    0    0    0    0    0    0    0    1    0    1    0    0    0    0    0    0    0    0    1     3  0.7975E-03
   0.2610E+00    0    0    1    1    0    0    1    1    0    0    1    1    0    0    0    1    1    0    1    2    11  0.2414E-02
   0.3162E+00    0    0    1    1    0    0    0    0    0    0    0    2    1    1    0    1    1    1    0    1    10  0.1811E-02
   0.3831E+00    0    0    0    1    2    1    0    2    3    0    1    3    1    1    2    1    1    0    1    1    21  0.3139E-02
   0.4642E+00    0    0    0    0    0    0    1    0    1    1    0    1    0    1    3    2    2    0    5    3    20  0.2468E-02
   0.5623E+00    0    0    0    0    0    1    1    0    0    3    2    1    3    0    4    0    3    5    8    4    35  0.3565E-02
   0.6813E+00    1    0    0    1    1    1    2    1    1    1    2    4    4    3    3    1    2    3    3    5    39  0.3279E-02
   0.8254E+00    0    0    0    0    1    1    3    2    2    4    3    2    6    4    1    5    5    7    9    9    64  0.4441E-02
   0.1000E+01    0    0    0    0    5    1    2    1    2    4    4    4    4    4    7    3    3    9    7   10    70  0.4009E-02
   0.1212E+01    0    1    0    2    1    1    1    0    3    7    5    4    3    8    5    4    2    4   11    9    71  0.3357E-02
   0.1468E+01    0    0    0    1    1    0    3    2    2    6   10    6    7    9   13   12   17   18   10   21   138  0.5385E-02
   0.1778E+01    0    0    2    0    0    3    4    4    4    5    2    7    9    5    3   18   17   14   18   20   135  0.4348E-02
   0.2154E+01    1    0    0    2    2    3    3    0    2    4    4    6   10   12   10   13    6   18   23   26   145  0.3855E-02
   0.2610E+01    2    2    1    2    2    4    5    5   10   11    6   11   13   16   11   21   15   25   36   36   234  0.5135E-02
   0.3162E+01    0    1    0    1    2    6    2    7    6    4   10   13   13   20   22   18   38   38   38   51   290  0.5252E-02
   0.3831E+01    0    1    1    3    1    4    3    5    7   10   10   14   12   32   21   29   29   52   55   47   336  0.5023E-02
   0.4642E+01    0    0    0    1    9    2    5    6   10    4   20   19   22   30   42   38   39   48   64   92   451  0.5565E-02
   0.5623E+01    0    0    2    2    2    3    9    6   13    9   16   30   24   50   45   51   61   81   67   85   556  0.5663E-02
   0.6813E+01    0    2    1    3    4    2    7    8   11   21   16   31   40   52   54   65   69   87  112  113   698  0.5868E-02
   0.8254E+01    0    1    1    1    1    4    3   15    8   17   28   33   43   56   64   90   82  123  122  155   847  0.5877E-02
   0.1000E+02    0    1    0    1    1    7    6   16   20   28   27   36   61   63   81  100  112  136  170  193  1059  0.6065E-02
   0.1212E+02    0    0    2    1    4    8    8   12   24   29   44   48   80   96  132  141  157  187  205  237  1415  0.6689E-02
   0.1468E+02    0    0    1    0    5    4   13   26   29   54   68   75   98  127  138  190  216  238  268  310  1860  0.7258E-02
   0.1778E+02    0    0    2    0    5    8   13   24   38   53   62  103  118  139  187  244  289  308  362  414  2369  0.7630E-02
   0.2154E+02    0    0    1    0    5    8   18   31   40   62  100  129  182  201  268  290  387  438  506  594  3260  0.8667E-02
   0.2610E+02    0    0    2    2    0   13   23   37   68  103  143  190  300  396  436  509  572  640  717  740  4891  0.1073E-01
   0.3162E+02    1    6   12   32   46   92  149  179  262  319  374  379  389  384  359  360  355  337  254  218  4507  0.8163E-02
   0.3831E+02    2    2   13   20   25   58   60   76   86  113   87   71   88   67   59   58   55   37   17    9  1003  0.1499E-02
   0.4642E+02    0    0    0    0    0    0    0    0    0    0    0    0    0    0    0    0    0    0    0    0     0  0.0000E+00
   0.5623E+02    0    0    0    0    0    0    0    0    0    0    0    0    0    0    0    0    0    0    0    0     0  0.0000E+00
   0.0000E+00    7   17   43   79  126  235  345  466  653  872 1046 1227 1531 1777 1971 2266 2537 2856 3091 3406     0  0.0000E+00


 ENERGY(E/E0 IN %) - POLAR ANGLE IN COS-INTERVALS (0.05)  (BACKSCATTERED PROJECTILES)



 AZIMUTHAL ANGLE - POLAR ANGLE IN COS-INTERVALS (0.05)  (BACKSCATTERED PROJECTILES)

   0     1     2     3     4     5     6     7     8     9    10    11    12    13    14    15    16    17    18    19    20       0
   3     0     0     1     1     2     3     6     8     9    16    15    22    30    29    36    40    46    39    42    63     408
   6     0     0     1     1     4     4     3     5    10    11    13    22    24    22    34    43    33    51    62    56     399
   9     0     1     1     0     2     2     9     7     9     9    23    24    27    32    40    48    44    57    46    50     431
  12     0     0     1     1     3     0     8     7     9    18    24    26    37    37    38    42    42    49    55    49     446
  15     0     0     0     0     4     4     8     8    13    15    23    24    28    24    28    44    36    45    53    61     418
  18     0     1     1     1     5     6     5     8    17    13    16    21    26    32    31    32    37    60    47    60     419
  21     0     0     0     1     3     3     4     8    16    17    21    14    21    31    32    39    45    42    49    42     388
  24     1     0     1     1     3     9     5     6     7    16    15    18    30    33    31    43    41    41    51    47     399
  27     1     0     1     1     3     2     5     5     6    12    10    19    23    29    30    32    51    43    41    61     375
  30     0     0     1     0     2     2    10     4    10    17    18    21    23    28    37    35    48    45    68    65     434
  33     0     1     0     2     1     4     6     8     8    15    20    23    35    27    33    37    54    49    52    61     436
  36     0     1     0     1     0     2     9     6     5    11    22    20    30    33    23    37    36    45    61    64     406
  39     0     0     0     3     3     4     3     8    11    12    28    18    16    32    34    43    35    41    46    62     399
  42     0     0     2     0     0     5     5    10    10    19    19    25    18    29    18    54    41    54    43    59     411
  45     0     0     2     1     0     2    14     3    13     6    17    19    25    27    38    43    37    44    49    47     387
  48     0     0     0     1     1     3     6    10    11    16    12    13    35    36    33    35    40    56    50    56     414
  51     0     0     0     1     5     4     4    12    14     8    18    21    28    22    42    43    43    46    48    61     420
  54     0     0     0     0     2     2     4    13    14    24    18    16    22    32    33    52    50    32    53    64     431
  57     0     0     1     2     3     4     9     7    10    16    10    17    25    32    32    31    47    60    52    51     409
  60     1     0     2     2     3     4     5     9    11    20    23    26    32    35    29    26    47    48    51    48     422
  63     0     0     0     0     1     3     8    10    12    12    21    25    15    34    34    42    42    60    57    58     434
  66     0     0     1     2     2     3     4    10    12    14    14    14    18    27    33    41    41    55    51    62     404
  69     0     1     0     2     0     2     6     8    11    17    19    14    21    27    28    39    35    53    53    45     381
  72     0     0     0     0     1     4     6     6    13     9    21    21    21    32    37    28    44    49    47    61     400
  75     0     0     1     5     0     7     9    14    11    11    20    15    28    19    30    41    37    57    52    52     409
  78     0     0     2     0     5     7     8    10    11    17    12    23    21    27    35    40    33    46    51    56     404
  81     0     0     0     2     4     3     5    10    11    13    16    21    34    31    39    29    53    59    59    48     437
  84     0     0     1     1     1     4     6     5    12    21    17    20    23    35    36    33    41    51    52    65     424
  87     1     0     1     1     2     4     1     4     8    25    23    19    22    33    33    33    38    42    46    51     387
  90     0     2     1     4     2     4     4     9    11     8    16    16    23    25    30    32    41    53    46    52     379
  93     0     0     0     0     2     1     6     9    14    13    17    17    30    33    35    28    45    47    55    59     411
  96     0     0     0     2     1     4     7     5    14    15    10    22    23    38    39    46    46    46    66    60     444
  99     0     1     1     0     3     4     6     6    13    14    18    24    38    22    44    38    38    54    58    54     436
 102     0     2     1     2     3     3     6     7     8    11    16    19    22    30    35    26    42    54    52    68     407
 105     0     1     1     1     2     2     8     9    13    21    15    22    28    18    35    48    40    47    52    48     411
 108     0     0     0     2     1     2    12     9     5    11    17    34    18    31    30    43    38    55    39    76     423
 111     0     0     0     2     1     2     5    12    14    13    19    19    23    36    29    36    44    34    51    54     394
 114     1     0     2     0     1     9     8     6     5    23    15    17    26    31    34    34    42    49    62    61     426
 117     0     0     1     1     3     7     5     1    10    14    24    21    26    26    38    22    36    33    56    62     386
 120     0     0     0     0     2     6     5     5    10    13    13    25    28    39    23    34    49    39    46    53     390
 123     0     0     0     3     1     1    10     4     9    13    26    22    26    30    32    42    40    47    54    63     423
 126     0     0     0     1     7     4     5    12    13    20     8    18    23    26    47    31    51    36    44    60     406
 129     0     0     1     3     4     2     5     6    11    17     7    18    26    29    35    28    44    48    59    49     392
 132     0     0     0     1     1     4     6    11     7    20    17    20    26    35    37    25    45    48    55    60     418
 135     0     0     2     0     2     4     5     6    17    10    15    13    36    32    32    35    35    53    48    50     395
 138     0     0     0     2     1     7     2     6     9    15    11    19    23    26    42    38    39    49    56    50     395
 141     1     1     0     2     4    10     1     4    16    12    17    22    18    27    34    35    43    41    49    50     387
 144     0     0     2     3     3     4     7     9     8    15    19    25    26    34    30    54    33    47    55    58     432
 147     0     1     1     0     1     4     3    12     8    13    18    19    27    29    28    34    43    44    49    58     392
 150     0     0     3     0     0     5     4    10    16    10    15    22    24    37    24    33    35    51    61    62     412
 153     1     0     1     1     5     4     5    11    10    21    19    22    25    34    31    54    47    44    50    52     437
 156     0     0     0     0     1     4     6    12     8    12    23    22    37    23    32    33    33    37    54    60     397
 159     0     1     1     1     2     3     5     7    12    16    20    20    28    33    36    45    54    53    36    66     439
 162     0     0     0     1     0     3     5     5    12    15    22    31    19    23    29    40    46    51    46    41     389
 165     0     1     1     2     3     3     5     7    12    18    16    21    24    26    26    36    41    46    47    65     400
 168     0     0     1     5     1     3     2     7    11    14    15    26    24    20    38    32    45    52    49    54     399
 171     0     1     0     1     0     3     4     7    12    15    19    12    22    26    31    45    33    44    54    59     388
 174     0     1     2     1     2     4     4     9     7     8    17    22    23    33    20    33    51    46    45    48     376
 177     0     0     0     4     2     2     5     5    16    12    18    24    28    32    32    40    61    42    47    58     428
 180     0     0     0     1     0    11     3     9     8    10    16    12    23    26    26    41    40    47    63    71     407
   0     7    17    43    79   126   235   345   466   653   872  1046  1227  1531  1777  1971  2266  2537  2856  3091  3406       0


 AZIMUTH.ANGLE - POLAR ANGLE IN COS-INTERVALS (0.05)   (BACKSCATTERED ENERGY)

    0.         1.         2.         3.         4.         5.         6.         7.         8.         9.        10.
    3. 0.0000E+00 0.0000E+00 0.1633E+01 0.3007E+02 0.7392E+01 0.9229E+02 0.1634E+03 0.1921E+03 0.1153E+03 0.3741E+03
    6. 0.0000E+00 0.0000E+00 0.2548E+02 0.2896E+02 0.6525E+02 0.9933E+02 0.3117E+02 0.1069E+03 0.2380E+03 0.2839E+03
    9. 0.0000E+00 0.1132E+01 0.3517E+02 0.0000E+00 0.3778E+02 0.6454E+02 0.2453E+03 0.1658E+03 0.1583E+03 0.1730E+03
   12. 0.0000E+00 0.0000E+00 0.3110E+02 0.3443E+02 0.6575E+02 0.0000E+00 0.2066E+03 0.1718E+03 0.1702E+03 0.3971E+03
   15. 0.0000E+00 0.0000E+00 0.0000E+00 0.0000E+00 0.8361E+02 0.1048E+03 0.1963E+03 0.1975E+03 0.2516E+03 0.3391E+03
   18. 0.0000E+00 0.7272E+01 0.3041E+02 0.3085E+02 0.6952E+02 0.1744E+03 0.7225E+02 0.1875E+03 0.3772E+03 0.2779E+03
   21. 0.0000E+00 0.0000E+00 0.0000E+00 0.2946E+02 0.7897E+02 0.5612E+02 0.7075E+02 0.2113E+03 0.3409E+03 0.2703E+03
   24. 0.2100E+01 0.0000E+00 0.3258E+02 0.3444E+02 0.7819E+02 0.1777E+03 0.1125E+03 0.1510E+03 0.1574E+03 0.3604E+03
   27. 0.3429E+02 0.0000E+00 0.4667E+01 0.2242E+01 0.8840E+02 0.5435E+02 0.1262E+03 0.1083E+03 0.1368E+03 0.2383E+03
   30. 0.0000E+00 0.0000E+00 0.1258E+02 0.0000E+00 0.6200E+02 0.6108E+02 0.2617E+03 0.8930E+02 0.2275E+03 0.3784E+03
   33. 0.0000E+00 0.8963E+01 0.0000E+00 0.6658E+02 0.1252E+02 0.1036E+03 0.1622E+03 0.2210E+03 0.1326E+03 0.3402E+03
   36. 0.0000E+00 0.3050E+02 0.0000E+00 0.3131E+02 0.0000E+00 0.4925E+01 0.2007E+03 0.1460E+03 0.6073E+02 0.2401E+03
   39. 0.0000E+00 0.0000E+00 0.0000E+00 0.9272E+02 0.7066E+02 0.8521E+02 0.7058E+02 0.1746E+03 0.2275E+03 0.2576E+03
   42. 0.0000E+00 0.0000E+00 0.3610E+02 0.0000E+00 0.0000E+00 0.1485E+03 0.1444E+03 0.1951E+03 0.2488E+03 0.4717E+03
   45. 0.0000E+00 0.0000E+00 0.6077E+02 0.6756E+01 0.0000E+00 0.5260E+02 0.2594E+03 0.7638E+02 0.2900E+03 0.1304E+03
   48. 0.0000E+00 0.0000E+00 0.0000E+00 0.3058E+02 0.9559E+00 0.7764E+02 0.1978E+03 0.2211E+03 0.2661E+03 0.3251E+03
   51. 0.0000E+00 0.0000E+00 0.0000E+00 0.3028E+02 0.1042E+03 0.1049E+03 0.3138E+02 0.2388E+03 0.2576E+03 0.1587E+03
   54. 0.0000E+00 0.0000E+00 0.0000E+00 0.0000E+00 0.4995E+02 0.4838E+02 0.9661E+02 0.2408E+03 0.2759E+03 0.5848E+03
   57. 0.0000E+00 0.0000E+00 0.3268E+02 0.2693E+02 0.9227E+02 0.9459E+02 0.2020E+03 0.1608E+03 0.2279E+03 0.3428E+03
   60. 0.2240E+01 0.0000E+00 0.6418E+02 0.3666E+02 0.6756E+02 0.8077E+02 0.1227E+03 0.1594E+03 0.2903E+03 0.4327E+03
   63. 0.0000E+00 0.0000E+00 0.0000E+00 0.0000E+00 0.5644E+01 0.2908E+02 0.1814E+03 0.2030E+03 0.3335E+03 0.2726E+03
   66. 0.0000E+00 0.0000E+00 0.2030E+02 0.8868E+01 0.2114E+02 0.6043E+02 0.1237E+03 0.2103E+03 0.2180E+03 0.3371E+03
   69. 0.0000E+00 0.3077E+02 0.0000E+00 0.3278E+02 0.0000E+00 0.6311E+02 0.1436E+03 0.1561E+03 0.2640E+03 0.4560E+03
   72. 0.0000E+00 0.0000E+00 0.0000E+00 0.0000E+00 0.2881E+02 0.1248E+03 0.1352E+03 0.1348E+03 0.3078E+03 0.1938E+03
   75. 0.0000E+00 0.0000E+00 0.3185E+02 0.1299E+03 0.0000E+00 0.1146E+03 0.2131E+03 0.3095E+03 0.2121E+03 0.1822E+03
   78. 0.0000E+00 0.0000E+00 0.4471E+02 0.0000E+00 0.8960E+02 0.1503E+03 0.1719E+03 0.1576E+03 0.2806E+03 0.3490E+03
   81. 0.0000E+00 0.0000E+00 0.0000E+00 0.3321E+02 0.8813E+02 0.6400E+02 0.1420E+03 0.2542E+03 0.2626E+03 0.3113E+03
   84. 0.0000E+00 0.0000E+00 0.3395E+02 0.2857E+02 0.2776E+02 0.4371E+02 0.1193E+03 0.9357E+02 0.2801E+03 0.4796E+03
   87. 0.6436E+00 0.0000E+00 0.3096E+02 0.3079E+02 0.3420E+02 0.7747E+02 0.1792E+01 0.8442E+02 0.2177E+03 0.5973E+03
   90. 0.0000E+00 0.6064E+02 0.7739E+01 0.1019E+03 0.6358E+02 0.9423E+02 0.6817E+02 0.2221E+03 0.2497E+03 0.1699E+03
   93. 0.0000E+00 0.0000E+00 0.0000E+00 0.0000E+00 0.6231E+02 0.3298E+02 0.1555E+03 0.1875E+03 0.3635E+03 0.3228E+03
   96. 0.0000E+00 0.0000E+00 0.0000E+00 0.3238E+02 0.3081E+02 0.1209E+03 0.1274E+03 0.1066E+03 0.3190E+03 0.3244E+03
   99. 0.0000E+00 0.3350E+02 0.3197E+02 0.0000E+00 0.9392E+02 0.9792E+02 0.1557E+03 0.1319E+03 0.3245E+03 0.2285E+03
  102. 0.0000E+00 0.3501E+02 0.1473E+02 0.7348E+01 0.6402E+02 0.3775E+02 0.1293E+03 0.1434E+03 0.1392E+03 0.2520E+03
  105. 0.0000E+00 0.2186E+01 0.2299E+01 0.2955E+02 0.4351E+02 0.5940E+02 0.1630E+03 0.1815E+03 0.2788E+03 0.5055E+03
  108. 0.0000E+00 0.0000E+00 0.0000E+00 0.3133E+02 0.3038E+02 0.6189E+02 0.2833E+03 0.2373E+03 0.1028E+03 0.2128E+03
  111. 0.0000E+00 0.0000E+00 0.0000E+00 0.6167E+02 0.3154E+02 0.6215E+02 0.1300E+03 0.2822E+03 0.2861E+03 0.2434E+03
  114. 0.3335E+02 0.0000E+00 0.1124E+02 0.0000E+00 0.6538E+01 0.2533E+03 0.2157E+03 0.1460E+03 0.8769E+02 0.4796E+03
  117. 0.0000E+00 0.0000E+00 0.3029E+02 0.1202E+02 0.6924E+02 0.1231E+03 0.1577E+03 0.2957E+01 0.2059E+03 0.2357E+03
  120. 0.0000E+00 0.0000E+00 0.0000E+00 0.0000E+00 0.1281E+02 0.1866E+03 0.9572E+02 0.1183E+03 0.2674E+03 0.2925E+03
  123. 0.0000E+00 0.0000E+00 0.0000E+00 0.6335E+02 0.3009E+02 0.1333E+02 0.2332E+03 0.1253E+03 0.2411E+03 0.3127E+03
  126. 0.0000E+00 0.0000E+00 0.0000E+00 0.2446E+01 0.1575E+03 0.1011E+03 0.1371E+03 0.2678E+03 0.3449E+03 0.4103E+03
  129. 0.0000E+00 0.0000E+00 0.3085E+02 0.9652E+02 0.7287E+02 0.2972E+02 0.1056E+03 0.1061E+03 0.2406E+03 0.4148E+03
  132. 0.0000E+00 0.0000E+00 0.0000E+00 0.5116E+01 0.4103E+01 0.1275E+03 0.1763E+03 0.2244E+03 0.2015E+03 0.4624E+03
  135. 0.0000E+00 0.0000E+00 0.5818E+02 0.0000E+00 0.4573E+02 0.8340E+02 0.1381E+03 0.1303E+03 0.3733E+03 0.1830E+03
  138. 0.0000E+00 0.0000E+00 0.0000E+00 0.6030E+02 0.3193E+02 0.1352E+03 0.3973E+02 0.1837E+03 0.1763E+03 0.2355E+03
  141. 0.2578E+01 0.3427E+01 0.0000E+00 0.3023E+02 0.7044E+02 0.2064E+03 0.3321E+02 0.1105E+03 0.3750E+03 0.2199E+03
  144. 0.0000E+00 0.0000E+00 0.3466E+02 0.7152E+02 0.7509E+02 0.9612E+02 0.1636E+03 0.2148E+03 0.1604E+03 0.3242E+03
  147. 0.0000E+00 0.2940E+02 0.1175E+02 0.0000E+00 0.7824E+00 0.1224E+03 0.7287E+02 0.3212E+03 0.1749E+03 0.3402E+03
  150. 0.0000E+00 0.0000E+00 0.4737E+02 0.0000E+00 0.0000E+00 0.1197E+03 0.8275E+02 0.2442E+03 0.3711E+03 0.2205E+03
  153. 0.2990E+02 0.0000E+00 0.1488E+01 0.2721E+00 0.1133E+03 0.1014E+03 0.1048E+03 0.2129E+03 0.1966E+03 0.5010E+03
  156. 0.0000E+00 0.0000E+00 0.0000E+00 0.0000E+00 0.7895E+01 0.9480E+02 0.1073E+03 0.2809E+03 0.1504E+03 0.2524E+03
  159. 0.0000E+00 0.2805E+01 0.3386E+02 0.3391E+02 0.2476E+02 0.6004E+02 0.1299E+03 0.1174E+03 0.3195E+03 0.3399E+03
  162. 0.0000E+00 0.0000E+00 0.0000E+00 0.2848E+02 0.0000E+00 0.7085E+02 0.1159E+03 0.1019E+03 0.2567E+03 0.3582E+03
  165. 0.0000E+00 0.5929E+01 0.3127E+02 0.3406E+02 0.6790E+02 0.8718E+02 0.1474E+03 0.1338E+03 0.2889E+03 0.4018E+03
  168. 0.0000E+00 0.0000E+00 0.2902E+02 0.1231E+03 0.1334E+01 0.9002E+02 0.2592E+02 0.1891E+03 0.2338E+03 0.3623E+03
  171. 0.0000E+00 0.6726E+01 0.0000E+00 0.3300E+02 0.0000E+00 0.7585E+02 0.7163E+02 0.1836E+03 0.2893E+03 0.3536E+03
  174. 0.0000E+00 0.2973E+02 0.5646E+02 0.2919E+02 0.3252E+02 0.8627E+02 0.1042E+03 0.2212E+03 0.1724E+03 0.2355E+03
  177. 0.0000E+00 0.0000E+00 0.0000E+00 0.7498E+02 0.3226E+02 0.1187E+02 0.8360E+02 0.1298E+03 0.4020E+03 0.2940E+03
  180. 0.0000E+00 0.0000E+00 0.0000E+00 0.3250E+02 0.0000E+00 0.3152E+03 0.7029E+02 0.2420E+03 0.1617E+03 0.1998E+03
    0. 0.1051E+03 0.2880E+03 0.9623E+03 0.1772E+04 0.2607E+04 0.5572E+04 0.8031E+04 0.1052E+05 0.1458E+05 0.1924E+05


1    0.        11.        12.        13.        14.        15.        16.        17.        18.        19.        20.         0.
    3. 0.3619E+03 0.4493E+03 0.6081E+03 0.4409E+03 0.6863E+03 0.7382E+03 0.8450E+03 0.5644E+03 0.7214E+03 0.1017E+04 0.7408E+04
    6. 0.3225E+03 0.4315E+03 0.4482E+03 0.4487E+03 0.6772E+03 0.7968E+03 0.5565E+03 0.8922E+03 0.1063E+04 0.8886E+03 0.7404E+04
    9. 0.5348E+03 0.5373E+03 0.5031E+03 0.6450E+03 0.7489E+03 0.8805E+03 0.8019E+03 0.9868E+03 0.7754E+03 0.7786E+03 0.8073E+04
   12. 0.6598E+03 0.4872E+03 0.7138E+03 0.5954E+03 0.7011E+03 0.7420E+03 0.7430E+03 0.8806E+03 0.8450E+03 0.7642E+03 0.8209E+04
   15. 0.5162E+03 0.5059E+03 0.5285E+03 0.5437E+03 0.5103E+03 0.7819E+03 0.6452E+03 0.7491E+03 0.8669E+03 0.9969E+03 0.7818E+04
   18. 0.3087E+03 0.4009E+03 0.4758E+03 0.5696E+03 0.6264E+03 0.6041E+03 0.6705E+03 0.1047E+04 0.7380E+03 0.9348E+03 0.7603E+04
   21. 0.4824E+03 0.2823E+03 0.4483E+03 0.5900E+03 0.5797E+03 0.7538E+03 0.7406E+03 0.7915E+03 0.8807E+03 0.6070E+03 0.7214E+04
   24. 0.2705E+03 0.3680E+03 0.5628E+03 0.6484E+03 0.5631E+03 0.7592E+03 0.6970E+03 0.7509E+03 0.7612E+03 0.8008E+03 0.7288E+04
   27. 0.2201E+03 0.3217E+03 0.3777E+03 0.5184E+03 0.5904E+03 0.5854E+03 0.8277E+03 0.8493E+03 0.6795E+03 0.9891E+03 0.6753E+04
   30. 0.3925E+03 0.4541E+03 0.3913E+03 0.5467E+03 0.7365E+03 0.6043E+03 0.8662E+03 0.7386E+03 0.1077E+04 0.1026E+04 0.7926E+04
   33. 0.3935E+03 0.4897E+03 0.7491E+03 0.4348E+03 0.5493E+03 0.6652E+03 0.8887E+03 0.7149E+03 0.8674E+03 0.9253E+03 0.7725E+04
   36. 0.4098E+03 0.3487E+03 0.6695E+03 0.5959E+03 0.4220E+03 0.7342E+03 0.6674E+03 0.7248E+03 0.1072E+04 0.1038E+04 0.7396E+04
   39. 0.6420E+03 0.3838E+03 0.3704E+03 0.6715E+03 0.5819E+03 0.8183E+03 0.7334E+03 0.6502E+03 0.7011E+03 0.1018E+04 0.7549E+04
   42. 0.4014E+03 0.4704E+03 0.3448E+03 0.4657E+03 0.3610E+03 0.9021E+03 0.7508E+03 0.9663E+03 0.8355E+03 0.1033E+04 0.7776E+04
   45. 0.3842E+03 0.4010E+03 0.5003E+03 0.5101E+03 0.6819E+03 0.8181E+03 0.6619E+03 0.7455E+03 0.7801E+03 0.7393E+03 0.7099E+04
   48. 0.2062E+03 0.2387E+03 0.6996E+03 0.6761E+03 0.6521E+03 0.5785E+03 0.6808E+03 0.8435E+03 0.8209E+03 0.8804E+03 0.7396E+04
   51. 0.3208E+03 0.4466E+03 0.6577E+03 0.4110E+03 0.7234E+03 0.7739E+03 0.6768E+03 0.8099E+03 0.7989E+03 0.8675E+03 0.7413E+04
   54. 0.4646E+03 0.3481E+03 0.4022E+03 0.6342E+03 0.5607E+03 0.9118E+03 0.9246E+03 0.5209E+03 0.8338E+03 0.1062E+04 0.7959E+04
   57. 0.1832E+03 0.2896E+03 0.4657E+03 0.4905E+03 0.6731E+03 0.5737E+03 0.8615E+03 0.9177E+03 0.8627E+03 0.8076E+03 0.7305E+04
   60. 0.4740E+03 0.5422E+03 0.5832E+03 0.6114E+03 0.5504E+03 0.5220E+03 0.8913E+03 0.9039E+03 0.8528E+03 0.8638E+03 0.8052E+04
   63. 0.4269E+03 0.5301E+03 0.3179E+03 0.7628E+03 0.6052E+03 0.6836E+03 0.7217E+03 0.1043E+04 0.8655E+03 0.9750E+03 0.7957E+04
   66. 0.3112E+03 0.2781E+03 0.3435E+03 0.3984E+03 0.5709E+03 0.7062E+03 0.7543E+03 0.9369E+03 0.8102E+03 0.9943E+03 0.7104E+04
   69. 0.3968E+03 0.2620E+03 0.3884E+03 0.5371E+03 0.4925E+03 0.7430E+03 0.6263E+03 0.9813E+03 0.8519E+03 0.7663E+03 0.7192E+04
   72. 0.4606E+03 0.3868E+03 0.4984E+03 0.6362E+03 0.6319E+03 0.5216E+03 0.6951E+03 0.8056E+03 0.7831E+03 0.9316E+03 0.7276E+04
   75. 0.4258E+03 0.2884E+03 0.5755E+03 0.4064E+03 0.5198E+03 0.6853E+03 0.6716E+03 0.1003E+04 0.8721E+03 0.8074E+03 0.7448E+04
   78. 0.2455E+03 0.4794E+03 0.4759E+03 0.5469E+03 0.6565E+03 0.7214E+03 0.6320E+03 0.7700E+03 0.8857E+03 0.7933E+03 0.7450E+04
   81. 0.2934E+03 0.3673E+03 0.6834E+03 0.5496E+03 0.6758E+03 0.5892E+03 0.9722E+03 0.1034E+04 0.1021E+04 0.7620E+03 0.8104E+04
   84. 0.4210E+03 0.4253E+03 0.4043E+03 0.5736E+03 0.6362E+03 0.7387E+03 0.7732E+03 0.9348E+03 0.8571E+03 0.9996E+03 0.7870E+04
   87. 0.4459E+03 0.4127E+03 0.4010E+03 0.6635E+03 0.5741E+03 0.5622E+03 0.6697E+03 0.6637E+03 0.6968E+03 0.7879E+03 0.6953E+04
   90. 0.3382E+03 0.3799E+03 0.3685E+03 0.4623E+03 0.5599E+03 0.5665E+03 0.7623E+03 0.9518E+03 0.8321E+03 0.8287E+03 0.7088E+04
   93. 0.3311E+03 0.2883E+03 0.6766E+03 0.6649E+03 0.7007E+03 0.4862E+03 0.8303E+03 0.7617E+03 0.9588E+03 0.8240E+03 0.7647E+04
   96. 0.2378E+03 0.4559E+03 0.5047E+03 0.7497E+03 0.7634E+03 0.8270E+03 0.8323E+03 0.7517E+03 0.1098E+04 0.8762E+03 0.8158E+04
   99. 0.3891E+03 0.4361E+03 0.7416E+03 0.3615E+03 0.8343E+03 0.6894E+03 0.6163E+03 0.9268E+03 0.9409E+03 0.8948E+03 0.7929E+04
  102. 0.3417E+03 0.3548E+03 0.4308E+03 0.5974E+03 0.6164E+03 0.4064E+03 0.7058E+03 0.8463E+03 0.7714E+03 0.9636E+03 0.6857E+04
  105. 0.3032E+03 0.4006E+03 0.5797E+03 0.3369E+03 0.6775E+03 0.9146E+03 0.7138E+03 0.8564E+03 0.8292E+03 0.7967E+03 0.7674E+04
  108. 0.3955E+03 0.6745E+03 0.3193E+03 0.5723E+03 0.5438E+03 0.7393E+03 0.7013E+03 0.8935E+03 0.6209E+03 0.1214E+04 0.7635E+04
  111. 0.3604E+03 0.3360E+03 0.4757E+03 0.7172E+03 0.5277E+03 0.6551E+03 0.7452E+03 0.5937E+03 0.7781E+03 0.9210E+03 0.7207E+04
  114. 0.2955E+03 0.3587E+03 0.4939E+03 0.5725E+03 0.6074E+03 0.7284E+03 0.7240E+03 0.8356E+03 0.9895E+03 0.1010E+04 0.7849E+04
  117. 0.4508E+03 0.5448E+03 0.4998E+03 0.5497E+03 0.6868E+03 0.4447E+03 0.6967E+03 0.5434E+03 0.9524E+03 0.9955E+03 0.7201E+04
  120. 0.2810E+03 0.4756E+03 0.5612E+03 0.6981E+03 0.4861E+03 0.5406E+03 0.8942E+03 0.7078E+03 0.7812E+03 0.8375E+03 0.7237E+04
  123. 0.6034E+03 0.4410E+03 0.5261E+03 0.5936E+03 0.6765E+03 0.8613E+03 0.7644E+03 0.7280E+03 0.8840E+03 0.1046E+04 0.8144E+04
  126. 0.1199E+03 0.3524E+03 0.4950E+03 0.5723E+03 0.8545E+03 0.6410E+03 0.9189E+03 0.5717E+03 0.6663E+03 0.1042E+04 0.7655E+04
  129. 0.1418E+03 0.4071E+03 0.5042E+03 0.6024E+03 0.7062E+03 0.5194E+03 0.7869E+03 0.7946E+03 0.1065E+04 0.7985E+03 0.7423E+04
  132. 0.3042E+03 0.3980E+03 0.4163E+03 0.7210E+03 0.6144E+03 0.4162E+03 0.8679E+03 0.9808E+03 0.8476E+03 0.9749E+03 0.7743E+04
  135. 0.3483E+03 0.2787E+03 0.7687E+03 0.6200E+03 0.5802E+03 0.5942E+03 0.5498E+03 0.8994E+03 0.7744E+03 0.8253E+03 0.7251E+04
  138. 0.2459E+03 0.3870E+03 0.5034E+03 0.5216E+03 0.7865E+03 0.6252E+03 0.6973E+03 0.8018E+03 0.8945E+03 0.7322E+03 0.7058E+04
  141. 0.4230E+03 0.4988E+03 0.3307E+03 0.5134E+03 0.6495E+03 0.5149E+03 0.7918E+03 0.6989E+03 0.8073E+03 0.8249E+03 0.7105E+04
  144. 0.4215E+03 0.5019E+03 0.5363E+03 0.6029E+03 0.5209E+03 0.8934E+03 0.6252E+03 0.7731E+03 0.9331E+03 0.9076E+03 0.7856E+04
  147. 0.3389E+03 0.4628E+03 0.5995E+03 0.5627E+03 0.5019E+03 0.5757E+03 0.7410E+03 0.7227E+03 0.8323E+03 0.8499E+03 0.7261E+04
  150. 0.3425E+03 0.4109E+03 0.4969E+03 0.6824E+03 0.4371E+03 0.5879E+03 0.5732E+03 0.8586E+03 0.8878E+03 0.9464E+03 0.7310E+04
  153. 0.3872E+03 0.4267E+03 0.5013E+03 0.6576E+03 0.5828E+03 0.8770E+03 0.8351E+03 0.7198E+03 0.7830E+03 0.7818E+03 0.7814E+04
  156. 0.4243E+03 0.4149E+03 0.6129E+03 0.3999E+03 0.7435E+03 0.5495E+03 0.6002E+03 0.6936E+03 0.8683E+03 0.8390E+03 0.7040E+04
  159. 0.4524E+03 0.4254E+03 0.5039E+03 0.6440E+03 0.5787E+03 0.7599E+03 0.9445E+03 0.8851E+03 0.5888E+03 0.1047E+04 0.7892E+04
  162. 0.4539E+03 0.5575E+03 0.3691E+03 0.4276E+03 0.4437E+03 0.6778E+03 0.8479E+03 0.8581E+03 0.8292E+03 0.6796E+03 0.7076E+04
  165. 0.2611E+03 0.3883E+03 0.4839E+03 0.4764E+03 0.4527E+03 0.7388E+03 0.7994E+03 0.7871E+03 0.6315E+03 0.9462E+03 0.7164E+04
  168. 0.3455E+03 0.5503E+03 0.4795E+03 0.3545E+03 0.7095E+03 0.6156E+03 0.8579E+03 0.8201E+03 0.7885E+03 0.8537E+03 0.7430E+04
  171. 0.4644E+03 0.2266E+03 0.4708E+03 0.5511E+03 0.6071E+03 0.7981E+03 0.5961E+03 0.7202E+03 0.8639E+03 0.9017E+03 0.7214E+04
  174. 0.3590E+03 0.4266E+03 0.5015E+03 0.6426E+03 0.3710E+03 0.6385E+03 0.8391E+03 0.8349E+03 0.7851E+03 0.8264E+03 0.7192E+04
  177. 0.4222E+03 0.5034E+03 0.6110E+03 0.6379E+03 0.6256E+03 0.6366E+03 0.1038E+04 0.7438E+03 0.6863E+03 0.9473E+03 0.7881E+04
  180. 0.3605E+03 0.2384E+03 0.4819E+03 0.5512E+03 0.4672E+03 0.7856E+03 0.7079E+03 0.8431E+03 0.1106E+04 0.1155E+04 0.7718E+04
    0. 0.2232E+05 0.2463E+05 0.3043E+05 0.3374E+05 0.3645E+05 0.4080E+05 0.4525E+05 0.4862E+05 0.5055E+05 0.5394E+05 0.0000E+00
